[Wed Feb 05 14:45:09.893571 2020] [ssl:warn] [pid 9244:tid 548] AH01909: www.example.com:443:0 server certificate does NOT include an ID which matches the server name
[Wed Feb 05 14:45:10.314616 2020] [ssl:warn] [pid 9244:tid 548] AH01909: www.example.com:443:0 server certificate does NOT include an ID which matches the server name
[Wed Feb 05 14:45:11.123616 2020] [mpm_winnt:notice] [pid 9244:tid 548] AH00455: Apache/2.4.41 (Win64) OpenSSL/1.1.1c PHP/7.2.26 configured -- resuming normal operations
[Wed Feb 05 14:45:11.124622 2020] [mpm_winnt:notice] [pid 9244:tid 548] AH00456: Apache Lounge VC15 Server built: Aug 11 2019 12:20:04
[Wed Feb 05 14:45:11.124622 2020] [core:notice] [pid 9244:tid 548] AH00094: Command line: 'c:\\users\\sarapc\\desktop\\xamp\\apache\\bin\\httpd.exe -d C:/Users/saraPC/Desktop/xamp/apache'
[Wed Feb 05 14:45:11.140632 2020] [mpm_winnt:notice] [pid 9244:tid 548] AH00418: Parent: Created child process 7912
[Wed Feb 05 14:45:13.274336 2020] [ssl:warn] [pid 7912:tid 140] AH01909: www.example.com:443:0 server certificate does NOT include an ID which matches the server name
[Wed Feb 05 14:45:13.527050 2020] [ssl:warn] [pid 7912:tid 140] AH01909: www.example.com:443:0 server certificate does NOT include an ID which matches the server name
[Wed Feb 05 14:45:13.741534 2020] [mpm_winnt:notice] [pid 7912:tid 140] AH00354: Child: Starting 150 worker threads.
Apache server shutdown initiated...
sl:warn] [pid 2144:tid 536] AH01909: www.example.com:443:0 server certificate does NOT include an ID which matches the server name
[Wed Feb 05 14:59:24.147806 2020] [core:warn] [pid 2144:tid 536] AH00098: pid file C:/Users/saraPC/Desktop/xamp/apache/logs/httpd.pid overwritten -- Unclean shutdown of previous Apache run?
[Wed Feb 05 15:00:13.548297 2020] [ssl:warn] [pid 10788:tid 520] AH01909: www.example.com:443:0 server certificate does NOT include an ID which matches the server name
[Wed Feb 05 15:00:13.736280 2020] [core:warn] [pid 10788:tid 520] AH00098: pid file C:/Users/saraPC/Desktop/xamp/apache/logs/httpd.pid overwritten -- Unclean shutdown of previous Apache run?
[Wed Feb 05 15:00:13.748807 2020] [ssl:warn] [pid 10788:tid 520] AH01909: www.example.com:443:0 server certificate does NOT include an ID which matches the server name
[Wed Feb 05 15:00:13.940041 2020] [mpm_winnt:notice] [pid 10788:tid 520] AH00455: Apache/2.4.41 (Win64) OpenSSL/1.1.1c PHP/7.2.26 configured -- resuming normal operations
[Wed Feb 05 15:00:13.940041 2020] [mpm_winnt:notice] [pid 10788:tid 520] AH00456: Apache Lounge VC15 Server built: Aug 11 2019 12:20:04
[Wed Feb 05 15:00:13.940041 2020] [core:notice] [pid 10788:tid 520] AH00094: Command line: 'c:\\users\\sarapc\\desktop\\xamp\\apache\\bin\\httpd.exe -d C:/Users/saraPC/Desktop/xamp/apache'
[Wed Feb 05 15:00:13.947048 2020] [mpm_winnt:notice] [pid 10788:tid 520] AH00418: Parent: Created child process 8620
[Wed Feb 05 15:00:15.889588 2020] [ssl:warn] [pid 8620:tid 120] AH01909: www.example.com:443:0 server certificate does NOT include an ID which matches the server name
[Wed Feb 05 15:00:16.078743 2020] [ssl:warn] [pid 8620:tid 120] AH01909: www.example.com:443:0 server certificate does NOT include an ID which matches the server name
[Wed Feb 05 15:00:16.240919 2020] [mpm_winnt:notice] [pid 8620:tid 120] AH00354: Child: Starting 150 worker threads.
[Thu Feb 06 08:37:43.211471 2020] [ssl:warn] [pid 6928:tid 472] AH01909: www.example.com:443:0 server certificate does NOT include an ID which matches the server name
[Thu Feb 06 08:37:43.402649 2020] [core:warn] [pid 6928:tid 472] AH00098: pid file C:/Users/saraPC/Desktop/xamp/apache/logs/httpd.pid overwritten -- Unclean shutdown of previous Apache run?
[Thu Feb 06 08:37:43.417673 2020] [ssl:warn] [pid 6928:tid 472] AH01909: www.example.com:443:0 server certificate does NOT include an ID which matches the server name
[Thu Feb 06 08:37:43.630864 2020] [mpm_winnt:notice] [pid 6928:tid 472] AH00455: Apache/2.4.41 (Win64) OpenSSL/1.1.1c PHP/7.2.26 configured -- resuming normal operations
[Thu Feb 06 08:37:43.630864 2020] [mpm_winnt:notice] [pid 6928:tid 472] AH00456: Apache Lounge VC15 Server built: Aug 11 2019 12:20:04
[Thu Feb 06 08:37:43.631865 2020] [core:notice] [pid 6928:tid 472] AH00094: Command line: 'c:\\users\\sarapc\\desktop\\xamp\\apache\\bin\\httpd.exe -d C:/Users/saraPC/Desktop/xamp/apache'
[Thu Feb 06 08:37:43.637871 2020] [mpm_winnt:notice] [pid 6928:tid 472] AH00418: Parent: Created child process 7472
[Thu Feb 06 08:37:45.917012 2020] [ssl:warn] [pid 7472:tid 480] AH01909: www.example.com:443:0 server certificate does NOT include an ID which matches the server name
[Thu Feb 06 08:37:46.134215 2020] [ssl:warn] [pid 7472:tid 480] AH01909: www.example.com:443:0 server certificate does NOT include an ID which matches the server name
[Thu Feb 06 08:37:46.290366 2020] [mpm_winnt:notice] [pid 7472:tid 480] AH00354: Child: Starting 150 worker threads.
[Thu Feb 06 09:03:18.866587 2020] [php7:error] [pid 7472:tid 1740] [client ::1:50276] PHP Fatal error:  Maximum execution time of 300 seconds exceeded in C:\\Users\\saraPC\\Desktop\\xamp\\phpMyAdmin\\vendor\\phpmyadmin\\sql-parser\\src\\Statement.php on line 529
[Thu Feb 06 09:12:43.418698 2020] [php7:error] [pid 7472:tid 1740] [client ::1:50393] PHP Fatal error:  Maximum execution time of 300 seconds exceeded in C:\\Users\\saraPC\\Desktop\\xamp\\phpMyAdmin\\vendor\\phpmyadmin\\sql-parser\\src\\Context.php on line 344
[Thu Feb 06 18:39:13.684777 2020] [ssl:warn] [pid 6384:tid 500] AH01909: www.example.com:443:0 server certificate does NOT include an ID which matches the server name
[Thu Feb 06 18:39:13.966036 2020] [core:warn] [pid 6384:tid 500] AH00098: pid file C:/Users/saraPC/Desktop/xamp/apache/logs/httpd.pid overwritten -- Unclean shutdown of previous Apache run?
[Thu Feb 06 18:39:14.012907 2020] [ssl:warn] [pid 6384:tid 500] AH01909: www.example.com:443:0 server certificate does NOT include an ID which matches the server name
[Thu Feb 06 18:39:14.184742 2020] [mpm_winnt:notice] [pid 6384:tid 500] AH00455: Apache/2.4.41 (Win64) OpenSSL/1.1.1c PHP/7.2.26 configured -- resuming normal operations
[Thu Feb 06 18:39:14.184742 2020] [mpm_winnt:notice] [pid 6384:tid 500] AH00456: Apache Lounge VC15 Server built: Aug 11 2019 12:20:04
[Thu Feb 06 18:39:14.184742 2020] [core:notice] [pid 6384:tid 500] AH00094: Command line: 'c:\\users\\sarapc\\desktop\\xamp\\apache\\bin\\httpd.exe -d C:/Users/saraPC/Desktop/xamp/apache'
[Thu Feb 06 18:39:14.200411 2020] [mpm_winnt:notice] [pid 6384:tid 500] AH00418: Parent: Created child process 7120
[Thu Feb 06 18:39:15.731635 2020] [ssl:warn] [pid 7120:tid 480] AH01909: www.example.com:443:0 server certificate does NOT include an ID which matches the server name
[Thu Feb 06 18:39:15.934815 2020] [ssl:warn] [pid 7120:tid 480] AH01909: www.example.com:443:0 server certificate does NOT include an ID which matches the server name
[Thu Feb 06 18:39:16.075454 2020] [mpm_winnt:notice] [pid 7120:tid 480] AH00354: Child: Starting 150 worker threads.
[Fri Feb 07 08:59:55.419562 2020] [ssl:warn] [pid 952:tid 492] AH01909: www.example.com:443:0 server certificate does NOT include an ID which matches the server name
[Fri Feb 07 08:59:55.793911 2020] [core:warn] [pid 952:tid 492] AH00098: pid file C:/Users/saraPC/Desktop/xamp/apache/logs/httpd.pid overwritten -- Unclean shutdown of previous Apache run?
[Fri Feb 07 08:59:55.865974 2020] [ssl:warn] [pid 952:tid 492] AH01909: www.example.com:443:0 server certificate does NOT include an ID which matches the server name
[Fri Feb 07 09:00:01.118600 2020] [mpm_winnt:notice] [pid 952:tid 492] AH00455: Apache/2.4.41 (Win64) OpenSSL/1.1.1c PHP/7.2.26 configured -- resuming normal operations
[Fri Feb 07 09:00:01.118600 2020] [mpm_winnt:notice] [pid 952:tid 492] AH00456: Apache Lounge VC15 Server built: Aug 11 2019 12:20:04
[Fri Feb 07 09:00:01.118600 2020] [core:notice] [pid 952:tid 492] AH00094: Command line: 'c:\\users\\sarapc\\desktop\\xamp\\apache\\bin\\httpd.exe -d C:/Users/saraPC/Desktop/xamp/apache'
[Fri Feb 07 09:00:01.166659 2020] [mpm_winnt:notice] [pid 952:tid 492] AH00418: Parent: Created child process 1796
[Fri Feb 07 09:00:03.387732 2020] [ssl:warn] [pid 1796:tid 436] AH01909: www.example.com:443:0 server certificate does NOT include an ID which matches the server name
[Fri Feb 07 09:00:03.579904 2020] [ssl:warn] [pid 1796:tid 436] AH01909: www.example.com:443:0 server certificate does NOT include an ID which matches the server name
[Fri Feb 07 09:00:03.824138 2020] [mpm_winnt:notice] [pid 1796:tid 436] AH00354: Child: Starting 150 worker threads.
[Fri Feb 07 13:51:14.903938 2020] [ssl:warn] [pid 6384:tid 444] AH01909: www.example.com:443:0 server certificate does NOT include an ID which matches the server name
[Fri Feb 07 13:51:15.214227 2020] [core:warn] [pid 6384:tid 444] AH00098: pid file C:/Users/saraPC/Desktop/xamp/apache/logs/httpd.pid overwritten -- Unclean shutdown of previous Apache run?
[Fri Feb 07 13:51:15.230249 2020] [ssl:warn] [pid 6384:tid 444] AH01909: www.example.com:443:0 server certificate does NOT include an ID which matches the server name
[Fri Feb 07 13:51:15.395398 2020] [mpm_winnt:notice] [pid 6384:tid 444] AH00455: Apache/2.4.41 (Win64) OpenSSL/1.1.1c PHP/7.2.26 configured -- resuming normal operations
[Fri Feb 07 13:51:15.395398 2020] [mpm_winnt:notice] [pid 6384:tid 444] AH00456: Apache Lounge VC15 Server built: Aug 11 2019 12:20:04
[Fri Feb 07 13:51:15.395398 2020] [core:notice] [pid 6384:tid 444] AH00094: Command line: 'c:\\users\\sarapc\\desktop\\xamp\\apache\\bin\\httpd.exe -d C:/Users/saraPC/Desktop/xamp/apache'
[Fri Feb 07 13:51:15.402404 2020] [mpm_winnt:notice] [pid 6384:tid 444] AH00418: Parent: Created child process 10284
[Fri Feb 07 13:51:17.236176 2020] [ssl:warn] [pid 10284:tid 492] AH01909: www.example.com:443:0 server certificate does NOT include an ID which matches the server name
[Fri Feb 07 13:51:17.423304 2020] [ssl:warn] [pid 10284:tid 492] AH01909: www.example.com:443:0 server certificate does NOT include an ID which matches the server name
[Fri Feb 07 13:51:17.575439 2020] [mpm_winnt:notice] [pid 10284:tid 492] AH00354: Child: Starting 150 worker threads.
[Sat Feb 08 08:48:36.298531 2020] [ssl:warn] [pid 7896:tid 632] AH01909: www.example.com:443:0 server certificate does NOT include an ID which matches the server name
[Sat Feb 08 08:48:36.592807 2020] [core:warn] [pid 7896:tid 632] AH00098: pid file C:/Users/saraPC/Desktop/xamp/apache/logs/httpd.pid overwritten -- Unclean shutdown of previous Apache run?
[Sat Feb 08 08:48:36.678889 2020] [ssl:warn] [pid 7896:tid 632] AH01909: www.example.com:443:0 server certificate does NOT include an ID which matches the server name
[Sat Feb 08 08:48:36.958162 2020] [mpm_winnt:notice] [pid 7896:tid 632] AH00455: Apache/2.4.41 (Win64) OpenSSL/1.1.1c PHP/7.2.26 configured -- resuming normal operations
[Sat Feb 08 08:48:36.958162 2020] [mpm_winnt:notice] [pid 7896:tid 632] AH00456: Apache Lounge VC15 Server built: Aug 11 2019 12:20:04
[Sat Feb 08 08:48:36.958162 2020] [core:notice] [pid 7896:tid 632] AH00094: Command line: 'c:\\users\\sarapc\\desktop\\xamp\\apache\\bin\\httpd.exe -d C:/Users/saraPC/Desktop/xamp/apache'
[Sat Feb 08 08:48:37.012210 2020] [mpm_winnt:notice] [pid 7896:tid 632] AH00418: Parent: Created child process 6668
[Sat Feb 08 08:48:41.276204 2020] [ssl:warn] [pid 6668:tid 488] AH01909: www.example.com:443:0 server certificate does NOT include an ID which matches the server name
[Sat Feb 08 08:48:41.579493 2020] [ssl:warn] [pid 6668:tid 488] AH01909: www.example.com:443:0 server certificate does NOT include an ID which matches the server name
[Sat Feb 08 08:48:41.831727 2020] [mpm_winnt:notice] [pid 6668:tid 488] AH00354: Child: Starting 150 worker threads.
[Sat Feb 08 09:47:49.363262 2020] [php7:error] [pid 6668:tid 1780] [client ::1:50462] PHP Parse error:  syntax error, unexpected 'try' (T_TRY) in C:\\Users\\saraPC\\Desktop\\xamp\\htdocs\\3wa\\PDO\\connexion.php on line 8, referer: http://localhost/3wa/PDO/
[Sat Feb 08 09:48:43.270165 2020] [php7:error] [pid 6668:tid 1764] [client ::1:50471] PHP Parse error:  syntax error, unexpected 'try' (T_TRY) in C:\\Users\\saraPC\\Desktop\\xamp\\htdocs\\3wa\\PDO\\connexion.php on line 8, referer: http://localhost/3wa/PDO/
[Sat Feb 08 09:49:33.923968 2020] [php7:error] [pid 6668:tid 1764] [client ::1:50476] PHP Parse error:  syntax error, unexpected 'try' (T_TRY) in C:\\Users\\saraPC\\Desktop\\xamp\\htdocs\\3wa\\PDO\\connexion.php on line 8, referer: http://localhost/3wa/PDO/
[Sat Feb 08 09:50:19.675923 2020] [php7:error] [pid 6668:tid 1764] [client ::1:50479] PHP Parse error:  syntax error, unexpected 'try' (T_TRY) in C:\\Users\\saraPC\\Desktop\\xamp\\htdocs\\3wa\\PDO\\connexion.php on line 8, referer: http://localhost/3wa/PDO/
[Sat Feb 08 09:50:48.385881 2020] [php7:error] [pid 6668:tid 1764] [client ::1:50482] PHP Parse error:  syntax error, unexpected 'try' (T_TRY) in C:\\Users\\saraPC\\Desktop\\xamp\\htdocs\\3wa\\PDO\\connexion.php on line 8, referer: http://localhost/3wa/PDO/
[Sat Feb 08 09:51:08.491265 2020] [php7:error] [pid 6668:tid 1764] [client ::1:50486] PHP Parse error:  syntax error, unexpected 'try' (T_TRY) in C:\\Users\\saraPC\\Desktop\\xamp\\htdocs\\3wa\\PDO\\connexion.php on line 8, referer: http://localhost/3wa/PDO/
[Sat Feb 08 09:52:05.891918 2020] [php7:error] [pid 6668:tid 1764] [client ::1:50490] PHP Parse error:  syntax error, unexpected 'try' (T_TRY) in C:\\Users\\saraPC\\Desktop\\xamp\\htdocs\\3wa\\PDO\\connexion.php on line 8, referer: http://localhost/3wa/PDO/
[Sat Feb 08 09:52:16.826170 2020] [php7:error] [pid 6668:tid 1764] [client ::1:50494] PHP Parse error:  syntax error, unexpected 'try' (T_TRY) in C:\\Users\\saraPC\\Desktop\\xamp\\htdocs\\3wa\\PDO\\connexion.php on line 8, referer: http://localhost/3wa/PDO/
[Sat Feb 08 09:52:26.985708 2020] [php7:error] [pid 6668:tid 1764] [client ::1:50496] PHP Parse error:  syntax error, unexpected 'try' (T_TRY) in C:\\Users\\saraPC\\Desktop\\xamp\\htdocs\\3wa\\PDO\\connexion.php on line 8, referer: http://localhost/3wa/PDO/
[Sat Feb 08 09:52:52.492663 2020] [php7:error] [pid 6668:tid 1764] [client ::1:50510] PHP Parse error:  syntax error, unexpected 'try' (T_TRY) in C:\\Users\\saraPC\\Desktop\\xamp\\htdocs\\3wa\\PDO\\connexion.php on line 8, referer: http://localhost/3wa/PDO/
[Sat Feb 08 09:56:28.036765 2020] [php7:error] [pid 6668:tid 1764] [client ::1:50577] PHP Parse error:  syntax error, unexpected 'try' (T_TRY) in C:\\Users\\saraPC\\Desktop\\xamp\\htdocs\\3wa\\PDO\\connexion.php on line 8, referer: http://localhost/3wa/PDO/
[Sat Feb 08 09:56:30.478056 2020] [php7:error] [pid 6668:tid 1764] [client ::1:50577] PHP Parse error:  syntax error, unexpected 'try' (T_TRY) in C:\\Users\\saraPC\\Desktop\\xamp\\htdocs\\3wa\\PDO\\connexion.php on line 8, referer: http://localhost/3wa/PDO/
[Sat Feb 08 09:56:35.073383 2020] [php7:error] [pid 6668:tid 1764] [client ::1:50577] PHP Parse error:  syntax error, unexpected 'try' (T_TRY) in C:\\Users\\saraPC\\Desktop\\xamp\\htdocs\\3wa\\PDO\\connexion.php on line 8, referer: http://localhost/3wa/PDO/
[Sat Feb 08 09:57:03.384608 2020] [ssl:warn] [pid 10104:tid 520] AH01909: www.example.com:443:0 server certificate does NOT include an ID which matches the server name
[Sat Feb 08 09:57:03.661867 2020] [core:warn] [pid 10104:tid 520] AH00098: pid file C:/Users/saraPC/Desktop/xamp/apache/logs/httpd.pid overwritten -- Unclean shutdown of previous Apache run?
[Sat Feb 08 09:57:03.674880 2020] [ssl:warn] [pid 10104:tid 520] AH01909: www.example.com:443:0 server certificate does NOT include an ID which matches the server name
[Sat Feb 08 09:57:04.148334 2020] [mpm_winnt:notice] [pid 10104:tid 520] AH00455: Apache/2.4.41 (Win64) OpenSSL/1.1.1c PHP/7.2.26 configured -- resuming normal operations
[Sat Feb 08 09:57:04.149338 2020] [mpm_winnt:notice] [pid 10104:tid 520] AH00456: Apache Lounge VC15 Server built: Aug 11 2019 12:20:04
[Sat Feb 08 09:57:04.149338 2020] [core:notice] [pid 10104:tid 520] AH00094: Command line: 'c:\\users\\sarapc\\desktop\\xamp\\apache\\bin\\httpd.exe -d C:/Users/saraPC/Desktop/xamp/apache'
[Sat Feb 08 09:57:04.154338 2020] [mpm_winnt:notice] [pid 10104:tid 520] AH00418: Parent: Created child process 9352
[Sat Feb 08 09:57:06.975044 2020] [ssl:warn] [pid 9352:tid 472] AH01909: www.example.com:443:0 server certificate does NOT include an ID which matches the server name
[Sat Feb 08 09:57:07.191181 2020] [ssl:warn] [pid 9352:tid 472] AH01909: www.example.com:443:0 server certificate does NOT include an ID which matches the server name
[Sat Feb 08 09:57:07.555524 2020] [mpm_winnt:notice] [pid 9352:tid 472] AH00354: Child: Starting 150 worker threads.
[Sat Feb 08 09:57:32.303759 2020] [php7:error] [pid 9352:tid 1768] [client ::1:50583] PHP Parse error:  syntax error, unexpected 'try' (T_TRY) in C:\\Users\\saraPC\\Desktop\\xamp\\htdocs\\3wa\\PDO\\connexion.php on line 8, referer: http://localhost/3wa/PDO/
[Sat Feb 08 09:59:36.688657 2020] [ssl:warn] [pid 9428:tid 532] AH01909: www.example.com:443:0 server certificate does NOT include an ID which matches the server name
[Sat Feb 08 09:59:36.862820 2020] [core:warn] [pid 9428:tid 532] AH00098: pid file C:/Users/saraPC/Desktop/xamp/apache/logs/httpd.pid overwritten -- Unclean shutdown of previous Apache run?
[Sat Feb 08 09:59:36.876838 2020] [ssl:warn] [pid 9428:tid 532] AH01909: www.example.com:443:0 server certificate does NOT include an ID which matches the server name
[Sat Feb 08 09:59:37.039992 2020] [mpm_winnt:notice] [pid 9428:tid 532] AH00455: Apache/2.4.41 (Win64) OpenSSL/1.1.1c PHP/7.2.26 configured -- resuming normal operations
[Sat Feb 08 09:59:37.039992 2020] [mpm_winnt:notice] [pid 9428:tid 532] AH00456: Apache Lounge VC15 Server built: Aug 11 2019 12:20:04
[Sat Feb 08 09:59:37.039992 2020] [core:notice] [pid 9428:tid 532] AH00094: Command line: 'c:\\users\\sarapc\\desktop\\xamp\\apache\\bin\\httpd.exe -d C:/Users/saraPC/Desktop/xamp/apache'
[Sat Feb 08 09:59:37.045990 2020] [mpm_winnt:notice] [pid 9428:tid 532] AH00418: Parent: Created child process 10092
[Sat Feb 08 09:59:38.640647 2020] [ssl:warn] [pid 10092:tid 484] AH01909: www.example.com:443:0 server certificate does NOT include an ID which matches the server name
[Sat Feb 08 09:59:38.837883 2020] [ssl:warn] [pid 10092:tid 484] AH01909: www.example.com:443:0 server certificate does NOT include an ID which matches the server name
[Sat Feb 08 09:59:38.965954 2020] [mpm_winnt:notice] [pid 10092:tid 484] AH00354: Child: Starting 150 worker threads.
[Sat Feb 08 10:00:15.655814 2020] [php7:error] [pid 10092:tid 1808] [client ::1:50605] PHP Parse error:  syntax error, unexpected 'try' (T_TRY) in C:\\Users\\saraPC\\Desktop\\xamp\\htdocs\\3wa\\PDO\\connexion.php on line 8, referer: http://localhost/3wa/PDO/
[Sat Feb 08 10:03:18.653751 2020] [php7:error] [pid 10092:tid 1764] [client ::1:50653] PHP Parse error:  syntax error, unexpected 'try' (T_TRY) in C:\\Users\\saraPC\\Desktop\\xamp\\htdocs\\3wa\\PDO\\connexion.php on line 8, referer: http://localhost/3wa/PDO/
[Sat Feb 08 10:07:47.159882 2020] [php7:error] [pid 10092:tid 1780] [client ::1:50727] PHP Parse error:  syntax error, unexpected 'try' (T_TRY) in C:\\Users\\saraPC\\Desktop\\xamp\\htdocs\\3wa\\PDO\\connexion.php on line 8, referer: http://localhost/3wa/PDO/
[Sat Feb 08 10:10:32.089345 2020] [php7:error] [pid 10092:tid 1772] [client ::1:50743] PHP Parse error:  syntax error, unexpected 'try' (T_TRY) in C:\\Users\\saraPC\\Desktop\\xamp\\htdocs\\3wa\\PDO\\connexion.php on line 7, referer: http://localhost/3wa/PDO/
[Sat Feb 08 10:14:00.030974 2020] [php7:error] [pid 10092:tid 1780] [client ::1:50816] script 'C:/Users/saraPC/Desktop/xamp/htdocs/3wa/PDO/formule.php' not found or unable to stat
[Sat Feb 08 10:32:25.539885 2020] [ssl:warn] [pid 4296:tid 516] AH01909: www.example.com:443:0 server certificate does NOT include an ID which matches the server name
[Sat Feb 08 10:32:25.768110 2020] [core:warn] [pid 4296:tid 516] AH00098: pid file C:/Users/saraPC/Desktop/xamp/apache/logs/httpd.pid overwritten -- Unclean shutdown of previous Apache run?
[Sat Feb 08 10:32:25.781178 2020] [ssl:warn] [pid 4296:tid 516] AH01909: www.example.com:443:0 server certificate does NOT include an ID which matches the server name
[Sat Feb 08 10:32:26.006322 2020] [mpm_winnt:notice] [pid 4296:tid 516] AH00455: Apache/2.4.41 (Win64) OpenSSL/1.1.1c PHP/7.2.26 configured -- resuming normal operations
[Sat Feb 08 10:32:26.007326 2020] [mpm_winnt:notice] [pid 4296:tid 516] AH00456: Apache Lounge VC15 Server built: Aug 11 2019 12:20:04
[Sat Feb 08 10:32:26.007326 2020] [core:notice] [pid 4296:tid 516] AH00094: Command line: 'c:\\users\\sarapc\\desktop\\xamp\\apache\\bin\\httpd.exe -d C:/Users/saraPC/Desktop/xamp/apache'
[Sat Feb 08 10:32:26.013330 2020] [mpm_winnt:notice] [pid 4296:tid 516] AH00418: Parent: Created child process 2464
[Sat Feb 08 10:32:28.145399 2020] [ssl:warn] [pid 2464:tid 484] AH01909: www.example.com:443:0 server certificate does NOT include an ID which matches the server name
[Sat Feb 08 10:32:28.369542 2020] [ssl:warn] [pid 2464:tid 484] AH01909: www.example.com:443:0 server certificate does NOT include an ID which matches the server name
[Sat Feb 08 10:32:28.549712 2020] [mpm_winnt:notice] [pid 2464:tid 484] AH00354: Child: Starting 150 worker threads.
[Sat Feb 08 10:42:21.941379 2020] [php7:error] [pid 2464:tid 1772] [client ::1:51135] PHP Parse error:  syntax error, unexpected 'try' (T_TRY) in C:\\Users\\saraPC\\Desktop\\xamp\\htdocs\\3wa\\PDO\\connexion.php on line 7, referer: http://localhost/3wa/PDO/
[Sat Feb 08 10:49:27.527320 2020] [ssl:warn] [pid 8016:tid 504] AH01909: www.example.com:443:0 server certificate does NOT include an ID which matches the server name
[Sat Feb 08 10:49:27.826136 2020] [core:warn] [pid 8016:tid 504] AH00098: pid file C:/Users/saraPC/Desktop/xamp/apache/logs/httpd.pid overwritten -- Unclean shutdown of previous Apache run?
[Sat Feb 08 10:49:27.841152 2020] [ssl:warn] [pid 8016:tid 504] AH01909: www.example.com:443:0 server certificate does NOT include an ID which matches the server name
[Sat Feb 08 10:49:28.037960 2020] [mpm_winnt:notice] [pid 8016:tid 504] AH00455: Apache/2.4.41 (Win64) OpenSSL/1.1.1c PHP/7.2.26 configured -- resuming normal operations
[Sat Feb 08 10:49:28.037960 2020] [mpm_winnt:notice] [pid 8016:tid 504] AH00456: Apache Lounge VC15 Server built: Aug 11 2019 12:20:04
[Sat Feb 08 10:49:28.037960 2020] [core:notice] [pid 8016:tid 504] AH00094: Command line: 'c:\\users\\sarapc\\desktop\\xamp\\apache\\bin\\httpd.exe -d C:/Users/saraPC/Desktop/xamp/apache'
[Sat Feb 08 10:49:28.096522 2020] [mpm_winnt:notice] [pid 8016:tid 504] AH00418: Parent: Created child process 8292
[Sat Feb 08 10:49:30.747073 2020] [ssl:warn] [pid 8292:tid 372] AH01909: www.example.com:443:0 server certificate does NOT include an ID which matches the server name
[Sat Feb 08 10:49:31.025575 2020] [ssl:warn] [pid 8292:tid 372] AH01909: www.example.com:443:0 server certificate does NOT include an ID which matches the server name
[Sat Feb 08 10:49:31.214974 2020] [mpm_winnt:notice] [pid 8292:tid 372] AH00354: Child: Starting 150 worker threads.
[Sat Feb 08 10:50:13.828547 2020] [php7:error] [pid 8292:tid 1748] [client ::1:51641] PHP Parse error:  syntax error, unexpected 'try' (T_TRY) in C:\\Users\\saraPC\\Desktop\\xamp\\htdocs\\3wa\\PDO\\connexion.php on line 7, referer: http://localhost/3wa/PDO/
[Sat Feb 08 10:54:08.695729 2020] [php7:error] [pid 8292:tid 1808] [client ::1:51795] PHP Parse error:  syntax error, unexpected 'try' (T_TRY) in C:\\Users\\saraPC\\Desktop\\xamp\\htdocs\\3wa\\PDO\\connexion.php on line 8, referer: http://localhost/3wa/PDO/
[Sat Feb 08 10:55:12.541723 2020] [php7:error] [pid 8292:tid 1808] [client ::1:51823] PHP Parse error:  syntax error, unexpected 'try' (T_TRY) in C:\\Users\\saraPC\\Desktop\\xamp\\htdocs\\3wa\\PDO\\connexion.php on line 8, referer: http://localhost/3wa/PDO/
[Sat Feb 08 10:55:15.743735 2020] [php7:error] [pid 8292:tid 1808] [client ::1:51823] PHP Parse error:  syntax error, unexpected 'try' (T_TRY) in C:\\Users\\saraPC\\Desktop\\xamp\\htdocs\\3wa\\PDO\\connexion.php on line 8, referer: http://localhost/3wa/PDO/
[Sat Feb 08 10:57:39.897002 2020] [php7:error] [pid 8292:tid 1808] [client ::1:51993] PHP Parse error:  syntax error, unexpected 'try' (T_TRY) in C:\\Users\\saraPC\\Desktop\\xamp\\htdocs\\3wa\\PDO\\connexion.php on line 8, referer: http://localhost/3wa/PDO/
[Sat Feb 08 11:26:38.295061 2020] [php7:notice] [pid 8292:tid 1808] [client ::1:52351] PHP Notice:  Undefined variable: nom in C:\\Users\\saraPC\\Desktop\\xamp\\htdocs\\3wa\\PDO\\traitement.php on line 8, referer: http://localhost/3wa/PDO/
[Sat Feb 08 11:26:50.748742 2020] [php7:notice] [pid 8292:tid 1808] [client ::1:52356] PHP Notice:  Undefined variable: nom in C:\\Users\\saraPC\\Desktop\\xamp\\htdocs\\3wa\\PDO\\traitement.php on line 8, referer: http://localhost/3wa/PDO/
[Sat Feb 08 11:26:54.181966 2020] [php7:notice] [pid 8292:tid 1808] [client ::1:52356] PHP Notice:  Undefined variable: nom in C:\\Users\\saraPC\\Desktop\\xamp\\htdocs\\3wa\\PDO\\traitement.php on line 8, referer: http://localhost/3wa/PDO/
[Sat Feb 08 11:26:59.479943 2020] [php7:notice] [pid 8292:tid 1808] [client ::1:52356] PHP Notice:  Undefined variable: nom in C:\\Users\\saraPC\\Desktop\\xamp\\htdocs\\3wa\\PDO\\traitement.php on line 8, referer: http://localhost/3wa/PDO/
[Sat Feb 08 11:34:01.282772 2020] [php7:error] [pid 8292:tid 1748] [client ::1:52494] PHP Parse error:  syntax error, unexpected 'INTO' (T_STRING) in C:\\Users\\saraPC\\Desktop\\xamp\\htdocs\\3wa\\PDO\\traitement.php on line 9, referer: http://localhost/3wa/PDO/formulaire.php
[Sat Feb 08 11:34:41.262318 2020] [php7:error] [pid 8292:tid 1748] [client ::1:52499] PHP Parse error:  syntax error, unexpected 'INTO' (T_STRING) in C:\\Users\\saraPC\\Desktop\\xamp\\htdocs\\3wa\\PDO\\traitement.php on line 9, referer: http://localhost/3wa/PDO/formulaire.php
'INSERT' n'est pas reconnu en tant que commande interne
ou externe, un programme ex‚cutable ou un fichier de commandes.
'INSERT' n'est pas reconnu en tant que commande interne
ou externe, un programme ex‚cutable ou un fichier de commandes.
'INSERT' n'est pas reconnu en tant que commande interne
ou externe, un programme ex‚cutable ou un fichier de commandes.
'INSERT' n'est pas reconnu en tant que commande interne
ou externe, un programme ex‚cutable ou un fichier de commandes.
'INSERT' n'est pas reconnu en tant que commande interne
ou externe, un programme ex‚cutable ou un fichier de commandes.
'INSERT' n'est pas reconnu en tant que commande interne
ou externe, un programme ex‚cutable ou un fichier de commandes.
'INSERT' n'est pas reconnu en tant que commande interne
ou externe, un programme ex‚cutable ou un fichier de commandes.
'111' n'est pas reconnu en tant que commande interne
ou externe, un programme ex‚cutable ou un fichier de commandes.
[Sat Feb 08 13:46:29.479868 2020] [php7:error] [pid 8292:tid 1856] [client ::1:53834] PHP Parse error:  syntax error, unexpected '}', expecting ',' or ';' in C:\\Users\\saraPC\\Desktop\\xamp\\htdocs\\3wa\\PDO\\traitement.php on line 11, referer: http://localhost/3wa/PDO/formulaire.php
[Sat Feb 08 13:46:55.814348 2020] [php7:error] [pid 8292:tid 1720] [client ::1:53850] PHP Parse error:  syntax error, unexpected '}', expecting ',' or ';' in C:\\Users\\saraPC\\Desktop\\xamp\\htdocs\\3wa\\PDO\\traitement.php on line 11, referer: http://localhost/3wa/PDO/formulaire.php
[Sat Feb 08 14:01:02.152778 2020] [php7:notice] [pid 8292:tid 1856] [client ::1:54273] PHP Notice:  Undefined variable: conn in C:\\Users\\saraPC\\Desktop\\xamp\\htdocs\\3wa\\PDO\\traitement.php on line 10, referer: http://localhost/3wa/PDO/formulaire.php
[Sat Feb 08 14:01:02.186817 2020] [php7:error] [pid 8292:tid 1856] [client ::1:54273] PHP Fatal error:  Uncaught Error: Call to a member function query() on null in C:\\Users\\saraPC\\Desktop\\xamp\\htdocs\\3wa\\PDO\\traitement.php:10\nStack trace:\n#0 {main}\n  thrown in C:\\Users\\saraPC\\Desktop\\xamp\\htdocs\\3wa\\PDO\\traitement.php on line 10, referer: http://localhost/3wa/PDO/formulaire.php
[Sat Feb 08 14:04:17.881726 2020] [php7:notice] [pid 8292:tid 1720] [client ::1:54304] PHP Notice:  Undefined variable: conn in C:\\Users\\saraPC\\Desktop\\xamp\\htdocs\\3wa\\PDO\\traitement.php on line 10, referer: http://localhost/3wa/PDO/formulaire.php
[Sat Feb 08 14:04:17.882726 2020] [php7:error] [pid 8292:tid 1720] [client ::1:54304] PHP Fatal error:  Uncaught Error: Call to a member function query() on null in C:\\Users\\saraPC\\Desktop\\xamp\\htdocs\\3wa\\PDO\\traitement.php:10\nStack trace:\n#0 {main}\n  thrown in C:\\Users\\saraPC\\Desktop\\xamp\\htdocs\\3wa\\PDO\\traitement.php on line 10, referer: http://localhost/3wa/PDO/formulaire.php
[Sat Feb 08 14:04:36.974524 2020] [php7:notice] [pid 8292:tid 1720] [client ::1:54310] PHP Notice:  Undefined variable: conn in C:\\Users\\saraPC\\Desktop\\xamp\\htdocs\\3wa\\PDO\\traitement.php on line 10, referer: http://localhost/3wa/PDO/formulaire.php
[Sat Feb 08 14:04:36.975530 2020] [php7:error] [pid 8292:tid 1720] [client ::1:54310] PHP Fatal error:  Uncaught Error: Call to a member function query() on null in C:\\Users\\saraPC\\Desktop\\xamp\\htdocs\\3wa\\PDO\\traitement.php:10\nStack trace:\n#0 {main}\n  thrown in C:\\Users\\saraPC\\Desktop\\xamp\\htdocs\\3wa\\PDO\\traitement.php on line 10, referer: http://localhost/3wa/PDO/formulaire.php
[Sat Feb 08 14:09:48.080356 2020] [php7:notice] [pid 8292:tid 1720] [client ::1:54401] PHP Notice:  Undefined variable: conn in C:\\Users\\saraPC\\Desktop\\xamp\\htdocs\\3wa\\PDO\\traitement.php on line 10, referer: http://localhost/3wa/PDO/formulaire.php
[Sat Feb 08 14:09:48.081345 2020] [php7:error] [pid 8292:tid 1720] [client ::1:54401] PHP Fatal error:  Uncaught Error: Call to a member function multi_query() on null in C:\\Users\\saraPC\\Desktop\\xamp\\htdocs\\3wa\\PDO\\traitement.php:10\nStack trace:\n#0 {main}\n  thrown in C:\\Users\\saraPC\\Desktop\\xamp\\htdocs\\3wa\\PDO\\traitement.php on line 10, referer: http://localhost/3wa/PDO/formulaire.php
[Sat Feb 08 14:10:23.790742 2020] [php7:notice] [pid 8292:tid 1720] [client ::1:54418] PHP Notice:  Undefined variable: conn in C:\\Users\\saraPC\\Desktop\\xamp\\htdocs\\3wa\\PDO\\traitement.php on line 10, referer: http://localhost/3wa/PDO/formulaire.php
[Sat Feb 08 14:10:23.791745 2020] [php7:error] [pid 8292:tid 1720] [client ::1:54418] PHP Fatal error:  Uncaught Error: Call to a member function multi_query() on null in C:\\Users\\saraPC\\Desktop\\xamp\\htdocs\\3wa\\PDO\\traitement.php:10\nStack trace:\n#0 {main}\n  thrown in C:\\Users\\saraPC\\Desktop\\xamp\\htdocs\\3wa\\PDO\\traitement.php on line 10, referer: http://localhost/3wa/PDO/formulaire.php
[Sat Feb 08 14:11:57.957634 2020] [php7:notice] [pid 8292:tid 1856] [client ::1:54433] PHP Notice:  Undefined variable: conn in C:\\Users\\saraPC\\Desktop\\xamp\\htdocs\\3wa\\PDO\\traitement.php on line 10, referer: http://localhost/3wa/PDO/formulaire.php
[Sat Feb 08 14:11:57.958635 2020] [php7:error] [pid 8292:tid 1856] [client ::1:54433] PHP Fatal error:  Uncaught Error: Call to a member function multi_query() on null in C:\\Users\\saraPC\\Desktop\\xamp\\htdocs\\3wa\\PDO\\traitement.php:10\nStack trace:\n#0 {main}\n  thrown in C:\\Users\\saraPC\\Desktop\\xamp\\htdocs\\3wa\\PDO\\traitement.php on line 10, referer: http://localhost/3wa/PDO/formulaire.php
[Sat Feb 08 14:34:59.944224 2020] [php7:notice] [pid 8292:tid 1856] [client ::1:54704] PHP Notice:  Undefined variable: nom in C:\\Users\\saraPC\\Desktop\\xamp\\htdocs\\3wa\\PDO\\traitement.php on line 15, referer: http://localhost/3wa/PDO/formulaire.php
[Sat Feb 08 14:34:59.945225 2020] [php7:notice] [pid 8292:tid 1856] [client ::1:54704] PHP Notice:  Undefined variable: prenom in C:\\Users\\saraPC\\Desktop\\xamp\\htdocs\\3wa\\PDO\\traitement.php on line 15, referer: http://localhost/3wa/PDO/formulaire.php
[Sat Feb 08 14:34:59.946226 2020] [php7:notice] [pid 8292:tid 1856] [client ::1:54704] PHP Notice:  Undefined variable: adresse in C:\\Users\\saraPC\\Desktop\\xamp\\htdocs\\3wa\\PDO\\traitement.php on line 15, referer: http://localhost/3wa/PDO/formulaire.php
[Sat Feb 08 14:34:59.947228 2020] [php7:notice] [pid 8292:tid 1856] [client ::1:54704] PHP Notice:  Undefined variable: telephone in C:\\Users\\saraPC\\Desktop\\xamp\\htdocs\\3wa\\PDO\\traitement.php on line 15, referer: http://localhost/3wa/PDO/formulaire.php
[Sat Feb 08 14:34:59.947228 2020] [php7:notice] [pid 8292:tid 1856] [client ::1:54704] PHP Notice:  Undefined variable: email in C:\\Users\\saraPC\\Desktop\\xamp\\htdocs\\3wa\\PDO\\traitement.php on line 15, referer: http://localhost/3wa/PDO/formulaire.php
[Sat Feb 08 14:37:11.638616 2020] [php7:notice] [pid 8292:tid 1856] [client ::1:54720] PHP Notice:  Undefined variable: nom in C:\\Users\\saraPC\\Desktop\\xamp\\htdocs\\3wa\\PDO\\traitement.php on line 15, referer: http://localhost/3wa/PDO/formulaire.php
[Sat Feb 08 14:37:11.639605 2020] [php7:notice] [pid 8292:tid 1856] [client ::1:54720] PHP Notice:  Undefined variable: prenom in C:\\Users\\saraPC\\Desktop\\xamp\\htdocs\\3wa\\PDO\\traitement.php on line 15, referer: http://localhost/3wa/PDO/formulaire.php
[Sat Feb 08 14:37:11.640605 2020] [php7:notice] [pid 8292:tid 1856] [client ::1:54720] PHP Notice:  Undefined variable: adresse in C:\\Users\\saraPC\\Desktop\\xamp\\htdocs\\3wa\\PDO\\traitement.php on line 15, referer: http://localhost/3wa/PDO/formulaire.php
[Sat Feb 08 14:37:11.640605 2020] [php7:notice] [pid 8292:tid 1856] [client ::1:54720] PHP Notice:  Undefined variable: telephone in C:\\Users\\saraPC\\Desktop\\xamp\\htdocs\\3wa\\PDO\\traitement.php on line 15, referer: http://localhost/3wa/PDO/formulaire.php
[Sat Feb 08 14:37:11.641606 2020] [php7:notice] [pid 8292:tid 1856] [client ::1:54720] PHP Notice:  Undefined variable: email in C:\\Users\\saraPC\\Desktop\\xamp\\htdocs\\3wa\\PDO\\traitement.php on line 15, referer: http://localhost/3wa/PDO/formulaire.php
[Sat Feb 08 14:37:18.467027 2020] [php7:notice] [pid 8292:tid 1856] [client ::1:54724] PHP Notice:  Undefined variable: nom in C:\\Users\\saraPC\\Desktop\\xamp\\htdocs\\3wa\\PDO\\traitement.php on line 15, referer: http://localhost/3wa/PDO/formulaire.php
[Sat Feb 08 14:37:18.468015 2020] [php7:notice] [pid 8292:tid 1856] [client ::1:54724] PHP Notice:  Undefined variable: prenom in C:\\Users\\saraPC\\Desktop\\xamp\\htdocs\\3wa\\PDO\\traitement.php on line 15, referer: http://localhost/3wa/PDO/formulaire.php
[Sat Feb 08 14:37:18.469017 2020] [php7:notice] [pid 8292:tid 1856] [client ::1:54724] PHP Notice:  Undefined variable: adresse in C:\\Users\\saraPC\\Desktop\\xamp\\htdocs\\3wa\\PDO\\traitement.php on line 15, referer: http://localhost/3wa/PDO/formulaire.php
[Sat Feb 08 14:37:18.470018 2020] [php7:notice] [pid 8292:tid 1856] [client ::1:54724] PHP Notice:  Undefined variable: telephone in C:\\Users\\saraPC\\Desktop\\xamp\\htdocs\\3wa\\PDO\\traitement.php on line 15, referer: http://localhost/3wa/PDO/formulaire.php
[Sat Feb 08 14:37:18.471022 2020] [php7:notice] [pid 8292:tid 1856] [client ::1:54724] PHP Notice:  Undefined variable: email in C:\\Users\\saraPC\\Desktop\\xamp\\htdocs\\3wa\\PDO\\traitement.php on line 15, referer: http://localhost/3wa/PDO/formulaire.php
[Sat Feb 08 14:55:52.354037 2020] [php7:notice] [pid 8292:tid 1816] [client ::1:55104] PHP Notice:  Undefined variable: nom in C:\\Users\\saraPC\\Desktop\\xamp\\htdocs\\3wa\\PDO\\traitement.php on line 16, referer: http://localhost/3wa/PDO/formulaire.php
[Sat Feb 08 15:14:18.282440 2020] [php7:notice] [pid 8292:tid 1808] [client ::1:55519] PHP Notice:  Undefined property: PDOStatement::$num_rows in C:\\Users\\saraPC\\Desktop\\xamp\\htdocs\\3wa\\PDO\\traitement.php on line 37, referer: http://localhost/3wa/PDO/formulaire.php
[Sat Feb 08 15:14:18.284441 2020] [php7:error] [pid 8292:tid 1808] [client ::1:55519] PHP Fatal error:  Uncaught Error: Call to undefined method PDO::close() in C:\\Users\\saraPC\\Desktop\\xamp\\htdocs\\3wa\\PDO\\traitement.php:45\nStack trace:\n#0 {main}\n  thrown in C:\\Users\\saraPC\\Desktop\\xamp\\htdocs\\3wa\\PDO\\traitement.php on line 45, referer: http://localhost/3wa/PDO/formulaire.php
[Sat Feb 08 15:25:39.083370 2020] [php7:error] [pid 8292:tid 1856] [client ::1:55666] PHP Parse error:  syntax error, unexpected 'catch' (T_CATCH) in C:\\Users\\saraPC\\Desktop\\xamp\\htdocs\\3wa\\PDO\\traitement.php on line 39, referer: http://localhost/3wa/PDO/formulaire.php
[Sat Feb 08 15:28:23.739541 2020] [php7:error] [pid 8292:tid 1808] [client ::1:55705] PHP Parse error:  syntax error, unexpected 'catch' (T_CATCH), expecting end of file in C:\\Users\\saraPC\\Desktop\\xamp\\htdocs\\3wa\\PDO\\traitement.php on line 39, referer: http://localhost/3wa/PDO/formulaire.php
[Sat Feb 08 15:28:34.522614 2020] [php7:error] [pid 8292:tid 1808] [client ::1:55712] PHP Parse error:  syntax error, unexpected 'catch' (T_CATCH), expecting end of file in C:\\Users\\saraPC\\Desktop\\xamp\\htdocs\\3wa\\PDO\\traitement.php on line 39, referer: http://localhost/3wa/PDO/formulaire.php
[Sat Feb 08 15:29:11.464367 2020] [php7:error] [pid 8292:tid 1808] [client ::1:55724] PHP Parse error:  syntax error, unexpected 'catch' (T_CATCH), expecting end of file in C:\\Users\\saraPC\\Desktop\\xamp\\htdocs\\3wa\\PDO\\traitement.php on line 39, referer: http://localhost/3wa/PDO/formulaire.php
[Sat Feb 08 15:29:18.493104 2020] [php7:error] [pid 8292:tid 1856] [client ::1:55728] PHP Parse error:  syntax error, unexpected 'catch' (T_CATCH), expecting end of file in C:\\Users\\saraPC\\Desktop\\xamp\\htdocs\\3wa\\PDO\\traitement.php on line 39, referer: http://localhost/3wa/PDO/formulaire.php
[Sat Feb 08 15:30:30.935155 2020] [php7:error] [pid 8292:tid 1808] [client ::1:55743] PHP Parse error:  syntax error, unexpected 'catch' (T_CATCH), expecting end of file in C:\\Users\\saraPC\\Desktop\\xamp\\htdocs\\3wa\\PDO\\traitement.php on line 39, referer: http://localhost/3wa/PDO/formulaire.php
[Sat Feb 08 15:34:24.092121 2020] [php7:error] [pid 8292:tid 1808] [client ::1:55807] PHP Parse error:  syntax error, unexpected 'catch' (T_CATCH) in C:\\Users\\saraPC\\Desktop\\xamp\\htdocs\\3wa\\PDO\\traitement.php on line 32, referer: http://localhost/3wa/PDO/formulaire.php
[Sat Feb 08 15:35:19.402597 2020] [php7:error] [pid 8292:tid 1856] [client ::1:55824] PHP Parse error:  syntax error, unexpected 'catch' (T_CATCH) in C:\\Users\\saraPC\\Desktop\\xamp\\htdocs\\3wa\\PDO\\traitement.php on line 32, referer: http://localhost/3wa/PDO/formulaire.php
[Sat Feb 08 15:39:47.384396 2020] [php7:error] [pid 8292:tid 1808] [client ::1:55889] PHP Parse error:  syntax error, unexpected 'catch' (T_CATCH), expecting end of file in C:\\Users\\saraPC\\Desktop\\xamp\\htdocs\\3wa\\PDO\\traitement.php on line 34, referer: http://localhost/3wa/PDO/formulaire.php
[Sat Feb 08 15:49:02.515426 2020] [php7:error] [pid 8292:tid 1808] [client ::1:56056] PHP Fatal error:  Cannot use try without catch or finally in C:\\Users\\saraPC\\Desktop\\xamp\\htdocs\\3wa\\PDO\\traitement.php on line 13, referer: http://localhost/3wa/PDO/formulaire.php
[Sat Feb 08 15:50:49.489812 2020] [php7:error] [pid 8292:tid 1856] [client ::1:56082] PHP Fatal error:  Uncaught Error: Class 'TableRows' not found in C:\\Users\\saraPC\\Desktop\\xamp\\htdocs\\3wa\\PDO\\traitement.php:29\nStack trace:\n#0 {main}\n  thrown in C:\\Users\\saraPC\\Desktop\\xamp\\htdocs\\3wa\\PDO\\traitement.php on line 29, referer: http://localhost/3wa/PDO/formulaire.php
[Sat Feb 08 16:29:14.469566 2020] [php7:error] [pid 8292:tid 1856] [client ::1:56451] PHP Fatal error:  Uncaught PDOException: SQLSTATE[42S02]: Base table or view not found: 1146 Table 'ecole.ecole' doesn't exist in C:\\Users\\saraPC\\Desktop\\xamp\\htdocs\\3wa\\PDO\\affichage.php:5\nStack trace:\n#0 C:\\Users\\saraPC\\Desktop\\xamp\\htdocs\\3wa\\PDO\\affichage.php(5): PDOStatement->execute()\n#1 {main}\n  thrown in C:\\Users\\saraPC\\Desktop\\xamp\\htdocs\\3wa\\PDO\\affichage.php on line 5, referer: http://localhost/3wa/PDO/
[Sat Feb 08 16:30:13.750845 2020] [php7:error] [pid 8292:tid 1856] [client ::1:56466] PHP Fatal error:  Uncaught PDOException: SQLSTATE[42S02]: Base table or view not found: 1146 Table 'ecole.ecole' doesn't exist in C:\\Users\\saraPC\\Desktop\\xamp\\htdocs\\3wa\\PDO\\affichage.php:5\nStack trace:\n#0 C:\\Users\\saraPC\\Desktop\\xamp\\htdocs\\3wa\\PDO\\affichage.php(5): PDOStatement->execute()\n#1 {main}\n  thrown in C:\\Users\\saraPC\\Desktop\\xamp\\htdocs\\3wa\\PDO\\affichage.php on line 5, referer: http://localhost/3wa/PDO/
[Sat Feb 08 20:20:36.800921 2020] [ssl:warn] [pid 3556:tid 428] AH01909: www.example.com:443:0 server certificate does NOT include an ID which matches the server name
[Sat Feb 08 20:20:37.067163 2020] [core:warn] [pid 3556:tid 428] AH00098: pid file C:/Users/saraPC/Desktop/xamp/apache/logs/httpd.pid overwritten -- Unclean shutdown of previous Apache run?
[Sat Feb 08 20:20:37.086180 2020] [ssl:warn] [pid 3556:tid 428] AH01909: www.example.com:443:0 server certificate does NOT include an ID which matches the server name
[Sat Feb 08 20:20:37.357448 2020] [mpm_winnt:notice] [pid 3556:tid 428] AH00455: Apache/2.4.41 (Win64) OpenSSL/1.1.1c PHP/7.2.26 configured -- resuming normal operations
[Sat Feb 08 20:20:37.357448 2020] [mpm_winnt:notice] [pid 3556:tid 428] AH00456: Apache Lounge VC15 Server built: Aug 11 2019 12:20:04
[Sat Feb 08 20:20:37.358450 2020] [core:notice] [pid 3556:tid 428] AH00094: Command line: 'c:\\users\\sarapc\\desktop\\xamp\\apache\\bin\\httpd.exe -d C:/Users/saraPC/Desktop/xamp/apache'
[Sat Feb 08 20:20:37.366445 2020] [mpm_winnt:notice] [pid 3556:tid 428] AH00418: Parent: Created child process 1224
[Sat Feb 08 20:20:40.144053 2020] [ssl:warn] [pid 1224:tid 628] AH01909: www.example.com:443:0 server certificate does NOT include an ID which matches the server name
[Sat Feb 08 20:20:40.377271 2020] [ssl:warn] [pid 1224:tid 628] AH01909: www.example.com:443:0 server certificate does NOT include an ID which matches the server name
[Sat Feb 08 20:20:40.585478 2020] [mpm_winnt:notice] [pid 1224:tid 628] AH00354: Child: Starting 150 worker threads.
[Sat Feb 08 20:21:20.839828 2020] [php7:error] [pid 1224:tid 1768] [client ::1:49672] PHP Fatal error:  Uncaught PDOException: SQLSTATE[42S02]: Base table or view not found: 1146 Table 'ecole.ecole' doesn't exist in C:\\Users\\saraPC\\Desktop\\xamp\\htdocs\\3wa\\PDO\\affichage.php:5\nStack trace:\n#0 C:\\Users\\saraPC\\Desktop\\xamp\\htdocs\\3wa\\PDO\\affichage.php(5): PDOStatement->execute()\n#1 {main}\n  thrown in C:\\Users\\saraPC\\Desktop\\xamp\\htdocs\\3wa\\PDO\\affichage.php on line 5, referer: http://localhost/3wa/PDO/
[Sat Feb 08 22:27:25.685919 2020] [php7:error] [pid 1224:tid 1624] [client ::1:50151] PHP Parse error:  syntax error, unexpected 'if' (T_IF) in C:\\Users\\saraPC\\Desktop\\xamp\\htdocs\\3wa\\testpdo\\traitement.php on line 3, referer: http://localhost/3wa/testpdo/formulaire.php
[Sat Feb 08 22:48:31.168118 2020] [php7:notice] [pid 1224:tid 1760] [client ::1:50281] PHP Notice:  Undefined variable: nom in C:\\Users\\saraPC\\Desktop\\xamp\\htdocs\\3wa\\testpdo\\insertion.php on line 4, referer: http://localhost/3wa/testpdo/formulaire.php
[Sat Feb 08 22:48:31.169105 2020] [php7:notice] [pid 1224:tid 1760] [client ::1:50281] PHP Notice:  Undefined variable: prenom in C:\\Users\\saraPC\\Desktop\\xamp\\htdocs\\3wa\\testpdo\\insertion.php on line 4, referer: http://localhost/3wa/testpdo/formulaire.php
[Sat Feb 08 22:48:31.170106 2020] [php7:notice] [pid 1224:tid 1760] [client ::1:50281] PHP Notice:  Undefined variable: adresse in C:\\Users\\saraPC\\Desktop\\xamp\\htdocs\\3wa\\testpdo\\insertion.php on line 4, referer: http://localhost/3wa/testpdo/formulaire.php
[Sat Feb 08 22:48:31.171107 2020] [php7:notice] [pid 1224:tid 1760] [client ::1:50281] PHP Notice:  Undefined variable: telephone in C:\\Users\\saraPC\\Desktop\\xamp\\htdocs\\3wa\\testpdo\\insertion.php on line 4, referer: http://localhost/3wa/testpdo/formulaire.php
[Sat Feb 08 22:48:31.172111 2020] [php7:notice] [pid 1224:tid 1760] [client ::1:50281] PHP Notice:  Undefined variable: email in C:\\Users\\saraPC\\Desktop\\xamp\\htdocs\\3wa\\testpdo\\insertion.php on line 4, referer: http://localhost/3wa/testpdo/formulaire.php
[Sat Feb 08 22:48:31.173117 2020] [php7:notice] [pid 1224:tid 1760] [client ::1:50281] PHP Notice:  Undefined variable: conn in C:\\Users\\saraPC\\Desktop\\xamp\\htdocs\\3wa\\testpdo\\insertion.php on line 6, referer: http://localhost/3wa/testpdo/formulaire.php
[Sat Feb 08 22:48:31.174123 2020] [php7:error] [pid 1224:tid 1760] [client ::1:50281] PHP Fatal error:  Uncaught Error: Call to a member function exec() on null in C:\\Users\\saraPC\\Desktop\\xamp\\htdocs\\3wa\\testpdo\\insertion.php:6\nStack trace:\n#0 {main}\n  thrown in C:\\Users\\saraPC\\Desktop\\xamp\\htdocs\\3wa\\testpdo\\insertion.php on line 6, referer: http://localhost/3wa/testpdo/formulaire.php
[Sat Feb 08 22:52:59.539663 2020] [php7:notice] [pid 1224:tid 1760] [client ::1:50308] PHP Notice:  Undefined variable: sql in C:\\Users\\saraPC\\Desktop\\xamp\\htdocs\\3wa\\testpdo\\insertion.php on line 17, referer: http://localhost/3wa/testpdo/formulaire.php
[Sat Feb 08 22:52:59.677786 2020] [php7:notice] [pid 1224:tid 1772] [client ::1:50307] PHP Notice:  Undefined variable: sql in C:\\Users\\saraPC\\Desktop\\xamp\\htdocs\\3wa\\testpdo\\insertion.php on line 17, referer: http://localhost/3wa/testpdo/formulaire.php
[Sat Feb 08 22:54:41.478582 2020] [php7:notice] [pid 1224:tid 1760] [client ::1:50317] PHP Notice:  Undefined variable: conn in C:\\Users\\saraPC\\Desktop\\xamp\\htdocs\\3wa\\testpdo\\insertion.php on line 23, referer: http://localhost/3wa/testpdo/formulaire.php
[Sat Feb 08 22:54:41.479586 2020] [php7:error] [pid 1224:tid 1760] [client ::1:50317] PHP Fatal error:  Uncaught Error: Call to a member function prepare() on null in C:\\Users\\saraPC\\Desktop\\xamp\\htdocs\\3wa\\testpdo\\insertion.php:23\nStack trace:\n#0 {main}\n  thrown in C:\\Users\\saraPC\\Desktop\\xamp\\htdocs\\3wa\\testpdo\\insertion.php on line 23, referer: http://localhost/3wa/testpdo/formulaire.php
[Sat Feb 08 22:56:44.515667 2020] [php7:error] [pid 1224:tid 1772] [client ::1:50326] PHP Fatal error:  Cannot use try without catch or finally in C:\\Users\\saraPC\\Desktop\\xamp\\htdocs\\3wa\\testpdo\\insertion.php on line 22, referer: http://localhost/3wa/testpdo/formulaire.php
[Sat Feb 08 22:58:09.590635 2020] [php7:error] [pid 1224:tid 1772] [client ::1:50334] PHP Fatal error:  Cannot use try without catch or finally in C:\\Users\\saraPC\\Desktop\\xamp\\htdocs\\3wa\\testpdo\\insertion.php on line 24, referer: http://localhost/3wa/testpdo/formulaire.php
[Sat Feb 08 23:11:41.026410 2020] [php7:notice] [pid 1224:tid 1760] [client ::1:50410] PHP Notice:  Trying to get property 'num_rows' of non-object in C:\\Users\\saraPC\\Desktop\\xamp\\htdocs\\3wa\\testpdo\\affichage.php on line 17, referer: http://localhost/3wa/testpdo/formulaire.php
[Sat Feb 08 23:13:39.534095 2020] [php7:notice] [pid 1224:tid 1772] [client ::1:50431] PHP Notice:  Trying to get property 'id_tuteur' of non-object in C:\\Users\\saraPC\\Desktop\\xamp\\htdocs\\3wa\\testpdo\\affichage.php on line 17, referer: http://localhost/3wa/testpdo/formulaire.php
[Sat Feb 08 23:23:46.376859 2020] [php7:error] [pid 1224:tid 1760] [client ::1:50484] PHP Parse error:  syntax error, unexpected '5' (T_LNUMBER), expecting identifier (T_STRING) or variable (T_VARIABLE) or '{' or '$' in C:\\Users\\saraPC\\Desktop\\xamp\\htdocs\\3wa\\testpdo\\affichage.php on line 17, referer: http://localhost/3wa/testpdo/formulaire.php
[Sat Feb 08 23:24:19.763519 2020] [php7:error] [pid 1224:tid 1760] [client ::1:50493] PHP Parse error:  syntax error, unexpected ')' in C:\\Users\\saraPC\\Desktop\\xamp\\htdocs\\3wa\\testpdo\\affichage.php on line 17, referer: http://localhost/3wa/testpdo/formulaire.php
[Sat Feb 08 23:24:35.931112 2020] [php7:error] [pid 1224:tid 1772] [client ::1:50503] PHP Parse error:  syntax error, unexpected ')' in C:\\Users\\saraPC\\Desktop\\xamp\\htdocs\\3wa\\testpdo\\affichage.php on line 17, referer: http://localhost/3wa/testpdo/formulaire.php
[Sat Feb 08 23:33:31.222078 2020] [php7:notice] [pid 1224:tid 1760] [client ::1:50523] PHP Notice:  Trying to get property 'num_rows' of non-object in C:\\Users\\saraPC\\Desktop\\xamp\\htdocs\\3wa\\testpdo\\affichage.php on line 17, referer: http://localhost/3wa/testpdo/formulaire.php
[Sat Feb 08 23:44:55.400984 2020] [php7:notice] [pid 1224:tid 1772] [client ::1:50661] PHP Notice:  Trying to get property 'num_rows' of non-object in C:\\Users\\saraPC\\Desktop\\xamp\\htdocs\\3wa\\testpdo\\affichage.php on line 17, referer: http://localhost/3wa/testpdo/formulaire.php
[Sat Feb 08 23:50:57.764176 2020] [php7:notice] [pid 1224:tid 1760] [client ::1:50704] PHP Notice:  Trying to get property 'num_rows' of non-object in C:\\Users\\saraPC\\Desktop\\xamp\\htdocs\\3wa\\testpdo\\affichage.php on line 17, referer: http://localhost/3wa/testpdo/formulaire.php
[Sun Feb 09 00:31:26.984633 2020] [php7:error] [pid 1224:tid 1760] [client ::1:51269] PHP Parse error:  syntax error, unexpected end of file in C:\\Users\\saraPC\\Desktop\\xamp\\htdocs\\3wa\\testpdo\\affichage.php on line 35, referer: http://localhost/3wa/testpdo/formulaire.php
[Sun Feb 09 00:35:18.552270 2020] [php7:error] [pid 1224:tid 1772] [client ::1:51465] PHP Parse error:  syntax error, unexpected end of file in C:\\Users\\saraPC\\Desktop\\xamp\\htdocs\\3wa\\testpdo\\affichage.php on line 35, referer: http://localhost/3wa/testpdo/formulaire.php
[Sun Feb 09 00:36:26.162434 2020] [php7:notice] [pid 1224:tid 1760] [client ::1:51522] PHP Notice:  Undefined variable: conn in C:\\Users\\saraPC\\Desktop\\xamp\\htdocs\\3wa\\testpdo\\affichage.php on line 9, referer: http://localhost/3wa/testpdo/formulaire.php
[Sun Feb 09 00:36:26.163434 2020] [php7:error] [pid 1224:tid 1760] [client ::1:51522] PHP Fatal error:  Uncaught Error: Call to a member function prepare() on null in C:\\Users\\saraPC\\Desktop\\xamp\\htdocs\\3wa\\testpdo\\affichage.php:9\nStack trace:\n#0 {main}\n  thrown in C:\\Users\\saraPC\\Desktop\\xamp\\htdocs\\3wa\\testpdo\\affichage.php on line 9, referer: http://localhost/3wa/testpdo/formulaire.php
[Sun Feb 09 00:37:36.512973 2020] [php7:notice] [pid 1224:tid 1772] [client ::1:51569] PHP Notice:  Undefined variable: conn in C:\\Users\\saraPC\\Desktop\\xamp\\htdocs\\3wa\\testpdo\\affichage.php on line 9, referer: http://localhost/3wa/testpdo/formulaire.php
[Sun Feb 09 00:37:36.513963 2020] [php7:error] [pid 1224:tid 1772] [client ::1:51569] PHP Fatal error:  Uncaught Error: Call to a member function prepare() on null in C:\\Users\\saraPC\\Desktop\\xamp\\htdocs\\3wa\\testpdo\\affichage.php:9\nStack trace:\n#0 {main}\n  thrown in C:\\Users\\saraPC\\Desktop\\xamp\\htdocs\\3wa\\testpdo\\affichage.php on line 9, referer: http://localhost/3wa/testpdo/formulaire.php
[Sun Feb 09 00:37:48.798495 2020] [php7:notice] [pid 1224:tid 1772] [client ::1:51574] PHP Notice:  Undefined variable: conn in C:\\Users\\saraPC\\Desktop\\xamp\\htdocs\\3wa\\testpdo\\affichage.php on line 9, referer: http://localhost/3wa/testpdo/formulaire.php
[Sun Feb 09 00:37:48.799496 2020] [php7:error] [pid 1224:tid 1772] [client ::1:51574] PHP Fatal error:  Uncaught Error: Call to a member function prepare() on null in C:\\Users\\saraPC\\Desktop\\xamp\\htdocs\\3wa\\testpdo\\affichage.php:9\nStack trace:\n#0 {main}\n  thrown in C:\\Users\\saraPC\\Desktop\\xamp\\htdocs\\3wa\\testpdo\\affichage.php on line 9, referer: http://localhost/3wa/testpdo/formulaire.php
[Sun Feb 09 00:38:30.469668 2020] [php7:error] [pid 1224:tid 1772] [client ::1:51603] PHP Parse error:  syntax error, unexpected end of file in C:\\Users\\saraPC\\Desktop\\xamp\\htdocs\\3wa\\testpdo\\affichage.php on line 44, referer: http://localhost/3wa/testpdo/formulaire.php
[Sun Feb 09 00:39:01.985091 2020] [php7:error] [pid 1224:tid 1760] [client ::1:51624] PHP Parse error:  syntax error, unexpected end of file in C:\\Users\\saraPC\\Desktop\\xamp\\htdocs\\3wa\\testpdo\\affichage.php on line 44, referer: http://localhost/3wa/testpdo/formulaire.php
[Sun Feb 09 00:40:49.806289 2020] [php7:error] [pid 1224:tid 1760] [client ::1:51676] PHP Parse error:  syntax error, unexpected 'else' (T_ELSE), expecting end of file in C:\\Users\\saraPC\\Desktop\\xamp\\htdocs\\3wa\\testpdo\\affichage.php on line 40, referer: http://localhost/3wa/testpdo/formulaire.php
[Sun Feb 09 00:41:45.826866 2020] [php7:error] [pid 1224:tid 1760] [client ::1:51709] PHP Fatal error:  Cannot use try without catch or finally in C:\\Users\\saraPC\\Desktop\\xamp\\htdocs\\3wa\\testpdo\\affichage.php on line 5, referer: http://localhost/3wa/testpdo/formulaire.php
[Sun Feb 09 00:46:40.625565 2020] [php7:notice] [pid 1224:tid 1772] [client ::1:51863] PHP Notice:  Undefined variable: die in C:\\Users\\saraPC\\Desktop\\xamp\\htdocs\\3wa\\testpdo\\affichage.php on line 45, referer: http://localhost/3wa/testpdo/formulaire.php
[Sun Feb 09 00:46:40.626566 2020] [php7:error] [pid 1224:tid 1772] [client ::1:51863] PHP Fatal error:  Uncaught Error: Function name must be a string in C:\\Users\\saraPC\\Desktop\\xamp\\htdocs\\3wa\\testpdo\\affichage.php:45\nStack trace:\n#0 {main}\n  thrown in C:\\Users\\saraPC\\Desktop\\xamp\\htdocs\\3wa\\testpdo\\affichage.php on line 45, referer: http://localhost/3wa/testpdo/formulaire.php
[Sun Feb 09 00:48:14.253563 2020] [php7:notice] [pid 1224:tid 1772] [client ::1:51907] PHP Notice:  Undefined variable: die in C:\\Users\\saraPC\\Desktop\\xamp\\htdocs\\3wa\\testpdo\\affichage.php on line 45, referer: http://localhost/3wa/testpdo/formulaire.php
[Sun Feb 09 00:48:14.254553 2020] [php7:error] [pid 1224:tid 1772] [client ::1:51907] PHP Fatal error:  Uncaught Error: Function name must be a string in C:\\Users\\saraPC\\Desktop\\xamp\\htdocs\\3wa\\testpdo\\affichage.php:45\nStack trace:\n#0 {main}\n  thrown in C:\\Users\\saraPC\\Desktop\\xamp\\htdocs\\3wa\\testpdo\\affichage.php on line 45, referer: http://localhost/3wa/testpdo/formulaire.php
[Sun Feb 09 00:55:03.201398 2020] [php7:notice] [pid 1224:tid 1760] [client ::1:52074] PHP Notice:  Undefined variable: row in C:\\Users\\saraPC\\Desktop\\xamp\\htdocs\\3wa\\testpdo\\affichage.php on line 27, referer: http://localhost/3wa/testpdo/formulaire.php
[Sun Feb 09 00:55:03.202402 2020] [php7:notice] [pid 1224:tid 1760] [client ::1:52074] PHP Notice:  Undefined variable: row in C:\\Users\\saraPC\\Desktop\\xamp\\htdocs\\3wa\\testpdo\\affichage.php on line 27, referer: http://localhost/3wa/testpdo/formulaire.php
[Sun Feb 09 00:55:03.203391 2020] [php7:notice] [pid 1224:tid 1760] [client ::1:52074] PHP Notice:  Undefined variable: row in C:\\Users\\saraPC\\Desktop\\xamp\\htdocs\\3wa\\testpdo\\affichage.php on line 27, referer: http://localhost/3wa/testpdo/formulaire.php
[Sun Feb 09 00:55:03.204391 2020] [php7:notice] [pid 1224:tid 1760] [client ::1:52074] PHP Notice:  Undefined variable: row in C:\\Users\\saraPC\\Desktop\\xamp\\htdocs\\3wa\\testpdo\\affichage.php on line 27, referer: http://localhost/3wa/testpdo/formulaire.php
[Sun Feb 09 00:55:03.205392 2020] [php7:notice] [pid 1224:tid 1760] [client ::1:52074] PHP Notice:  Undefined variable: row in C:\\Users\\saraPC\\Desktop\\xamp\\htdocs\\3wa\\testpdo\\affichage.php on line 27, referer: http://localhost/3wa/testpdo/formulaire.php
[Sun Feb 09 00:55:03.205392 2020] [php7:notice] [pid 1224:tid 1760] [client ::1:52074] PHP Notice:  Undefined variable: row in C:\\Users\\saraPC\\Desktop\\xamp\\htdocs\\3wa\\testpdo\\affichage.php on line 27, referer: http://localhost/3wa/testpdo/formulaire.php
[Sun Feb 09 00:55:03.206396 2020] [php7:notice] [pid 1224:tid 1760] [client ::1:52074] PHP Notice:  Undefined variable: row in C:\\Users\\saraPC\\Desktop\\xamp\\htdocs\\3wa\\testpdo\\affichage.php on line 27, referer: http://localhost/3wa/testpdo/formulaire.php
[Sun Feb 09 00:55:03.207401 2020] [php7:notice] [pid 1224:tid 1760] [client ::1:52074] PHP Notice:  Undefined variable: row in C:\\Users\\saraPC\\Desktop\\xamp\\htdocs\\3wa\\testpdo\\affichage.php on line 27, referer: http://localhost/3wa/testpdo/formulaire.php
[Sun Feb 09 00:55:03.208407 2020] [php7:notice] [pid 1224:tid 1760] [client ::1:52074] PHP Notice:  Undefined variable: row in C:\\Users\\saraPC\\Desktop\\xamp\\htdocs\\3wa\\testpdo\\affichage.php on line 27, referer: http://localhost/3wa/testpdo/formulaire.php
[Sun Feb 09 00:55:03.209410 2020] [php7:notice] [pid 1224:tid 1760] [client ::1:52074] PHP Notice:  Undefined variable: row in C:\\Users\\saraPC\\Desktop\\xamp\\htdocs\\3wa\\testpdo\\affichage.php on line 27, referer: http://localhost/3wa/testpdo/formulaire.php
[Sun Feb 09 00:55:03.210397 2020] [php7:notice] [pid 1224:tid 1760] [client ::1:52074] PHP Notice:  Undefined variable: row in C:\\Users\\saraPC\\Desktop\\xamp\\htdocs\\3wa\\testpdo\\affichage.php on line 27, referer: http://localhost/3wa/testpdo/formulaire.php
[Sun Feb 09 00:55:03.210397 2020] [php7:notice] [pid 1224:tid 1760] [client ::1:52074] PHP Notice:  Undefined variable: row in C:\\Users\\saraPC\\Desktop\\xamp\\htdocs\\3wa\\testpdo\\affichage.php on line 27, referer: http://localhost/3wa/testpdo/formulaire.php
[Sun Feb 09 00:55:03.211398 2020] [php7:notice] [pid 1224:tid 1760] [client ::1:52074] PHP Notice:  Undefined variable: row in C:\\Users\\saraPC\\Desktop\\xamp\\htdocs\\3wa\\testpdo\\affichage.php on line 27, referer: http://localhost/3wa/testpdo/formulaire.php
[Sun Feb 09 00:55:03.212399 2020] [php7:notice] [pid 1224:tid 1760] [client ::1:52074] PHP Notice:  Undefined variable: row in C:\\Users\\saraPC\\Desktop\\xamp\\htdocs\\3wa\\testpdo\\affichage.php on line 27, referer: http://localhost/3wa/testpdo/formulaire.php
[Sun Feb 09 00:55:03.213405 2020] [php7:notice] [pid 1224:tid 1760] [client ::1:52074] PHP Notice:  Undefined variable: row in C:\\Users\\saraPC\\Desktop\\xamp\\htdocs\\3wa\\testpdo\\affichage.php on line 27, referer: http://localhost/3wa/testpdo/formulaire.php
[Sun Feb 09 00:55:03.214410 2020] [php7:notice] [pid 1224:tid 1760] [client ::1:52074] PHP Notice:  Undefined variable: row in C:\\Users\\saraPC\\Desktop\\xamp\\htdocs\\3wa\\testpdo\\affichage.php on line 27, referer: http://localhost/3wa/testpdo/formulaire.php
[Sun Feb 09 00:55:03.215414 2020] [php7:notice] [pid 1224:tid 1760] [client ::1:52074] PHP Notice:  Undefined variable: row in C:\\Users\\saraPC\\Desktop\\xamp\\htdocs\\3wa\\testpdo\\affichage.php on line 27, referer: http://localhost/3wa/testpdo/formulaire.php
[Sun Feb 09 00:55:03.216403 2020] [php7:notice] [pid 1224:tid 1760] [client ::1:52074] PHP Notice:  Undefined variable: row in C:\\Users\\saraPC\\Desktop\\xamp\\htdocs\\3wa\\testpdo\\affichage.php on line 27, referer: http://localhost/3wa/testpdo/formulaire.php
[Sun Feb 09 00:55:03.216403 2020] [php7:notice] [pid 1224:tid 1760] [client ::1:52074] PHP Notice:  Undefined variable: row in C:\\Users\\saraPC\\Desktop\\xamp\\htdocs\\3wa\\testpdo\\affichage.php on line 27, referer: http://localhost/3wa/testpdo/formulaire.php
[Sun Feb 09 00:55:03.217403 2020] [php7:notice] [pid 1224:tid 1760] [client ::1:52074] PHP Notice:  Undefined variable: row in C:\\Users\\saraPC\\Desktop\\xamp\\htdocs\\3wa\\testpdo\\affichage.php on line 27, referer: http://localhost/3wa/testpdo/formulaire.php
[Sun Feb 09 00:55:03.218404 2020] [php7:notice] [pid 1224:tid 1760] [client ::1:52074] PHP Notice:  Undefined variable: row in C:\\Users\\saraPC\\Desktop\\xamp\\htdocs\\3wa\\testpdo\\affichage.php on line 27, referer: http://localhost/3wa/testpdo/formulaire.php
[Sun Feb 09 00:55:03.219408 2020] [php7:notice] [pid 1224:tid 1760] [client ::1:52074] PHP Notice:  Undefined variable: row in C:\\Users\\saraPC\\Desktop\\xamp\\htdocs\\3wa\\testpdo\\affichage.php on line 27, referer: http://localhost/3wa/testpdo/formulaire.php
[Sun Feb 09 00:55:03.220416 2020] [php7:notice] [pid 1224:tid 1760] [client ::1:52074] PHP Notice:  Undefined variable: row in C:\\Users\\saraPC\\Desktop\\xamp\\htdocs\\3wa\\testpdo\\affichage.php on line 27, referer: http://localhost/3wa/testpdo/formulaire.php
[Sun Feb 09 00:55:03.221420 2020] [php7:notice] [pid 1224:tid 1760] [client ::1:52074] PHP Notice:  Undefined variable: row in C:\\Users\\saraPC\\Desktop\\xamp\\htdocs\\3wa\\testpdo\\affichage.php on line 27, referer: http://localhost/3wa/testpdo/formulaire.php
[Sun Feb 09 00:55:03.222409 2020] [php7:notice] [pid 1224:tid 1760] [client ::1:52074] PHP Notice:  Undefined variable: row in C:\\Users\\saraPC\\Desktop\\xamp\\htdocs\\3wa\\testpdo\\affichage.php on line 27, referer: http://localhost/3wa/testpdo/formulaire.php
[Sun Feb 09 00:55:03.222409 2020] [php7:notice] [pid 1224:tid 1760] [client ::1:52074] PHP Notice:  Undefined variable: row in C:\\Users\\saraPC\\Desktop\\xamp\\htdocs\\3wa\\testpdo\\affichage.php on line 27, referer: http://localhost/3wa/testpdo/formulaire.php
[Sun Feb 09 00:55:03.223408 2020] [php7:notice] [pid 1224:tid 1760] [client ::1:52074] PHP Notice:  Undefined variable: row in C:\\Users\\saraPC\\Desktop\\xamp\\htdocs\\3wa\\testpdo\\affichage.php on line 27, referer: http://localhost/3wa/testpdo/formulaire.php
[Sun Feb 09 00:55:03.224411 2020] [php7:notice] [pid 1224:tid 1760] [client ::1:52074] PHP Notice:  Undefined variable: row in C:\\Users\\saraPC\\Desktop\\xamp\\htdocs\\3wa\\testpdo\\affichage.php on line 27, referer: http://localhost/3wa/testpdo/formulaire.php
[Sun Feb 09 00:55:03.225412 2020] [php7:notice] [pid 1224:tid 1760] [client ::1:52074] PHP Notice:  Undefined variable: row in C:\\Users\\saraPC\\Desktop\\xamp\\htdocs\\3wa\\testpdo\\affichage.php on line 27, referer: http://localhost/3wa/testpdo/formulaire.php
[Sun Feb 09 00:55:03.226418 2020] [php7:notice] [pid 1224:tid 1760] [client ::1:52074] PHP Notice:  Undefined variable: row in C:\\Users\\saraPC\\Desktop\\xamp\\htdocs\\3wa\\testpdo\\affichage.php on line 27, referer: http://localhost/3wa/testpdo/formulaire.php
[Sun Feb 09 00:55:03.227423 2020] [php7:notice] [pid 1224:tid 1760] [client ::1:52074] PHP Notice:  Undefined variable: row in C:\\Users\\saraPC\\Desktop\\xamp\\htdocs\\3wa\\testpdo\\affichage.php on line 27, referer: http://localhost/3wa/testpdo/formulaire.php
[Sun Feb 09 00:55:03.227423 2020] [php7:notice] [pid 1224:tid 1760] [client ::1:52074] PHP Notice:  Undefined variable: row in C:\\Users\\saraPC\\Desktop\\xamp\\htdocs\\3wa\\testpdo\\affichage.php on line 27, referer: http://localhost/3wa/testpdo/formulaire.php
[Sun Feb 09 00:55:03.228413 2020] [php7:notice] [pid 1224:tid 1760] [client ::1:52074] PHP Notice:  Undefined variable: row in C:\\Users\\saraPC\\Desktop\\xamp\\htdocs\\3wa\\testpdo\\affichage.php on line 27, referer: http://localhost/3wa/testpdo/formulaire.php
[Sun Feb 09 00:55:03.230416 2020] [php7:notice] [pid 1224:tid 1760] [client ::1:52074] PHP Notice:  Undefined variable: row in C:\\Users\\saraPC\\Desktop\\xamp\\htdocs\\3wa\\testpdo\\affichage.php on line 27, referer: http://localhost/3wa/testpdo/formulaire.php
[Sun Feb 09 00:55:03.230416 2020] [php7:notice] [pid 1224:tid 1760] [client ::1:52074] PHP Notice:  Undefined variable: row in C:\\Users\\saraPC\\Desktop\\xamp\\htdocs\\3wa\\testpdo\\affichage.php on line 27, referer: http://localhost/3wa/testpdo/formulaire.php
[Sun Feb 09 00:55:03.231417 2020] [php7:notice] [pid 1224:tid 1760] [client ::1:52074] PHP Notice:  Undefined variable: row in C:\\Users\\saraPC\\Desktop\\xamp\\htdocs\\3wa\\testpdo\\affichage.php on line 27, referer: http://localhost/3wa/testpdo/formulaire.php
[Sun Feb 09 00:55:03.232422 2020] [php7:notice] [pid 1224:tid 1760] [client ::1:52074] PHP Notice:  Undefined variable: row in C:\\Users\\saraPC\\Desktop\\xamp\\htdocs\\3wa\\testpdo\\affichage.php on line 27, referer: http://localhost/3wa/testpdo/formulaire.php
[Sun Feb 09 00:55:03.233427 2020] [php7:notice] [pid 1224:tid 1760] [client ::1:52074] PHP Notice:  Undefined variable: row in C:\\Users\\saraPC\\Desktop\\xamp\\htdocs\\3wa\\testpdo\\affichage.php on line 27, referer: http://localhost/3wa/testpdo/formulaire.php
[Sun Feb 09 00:55:03.233427 2020] [php7:notice] [pid 1224:tid 1760] [client ::1:52074] PHP Notice:  Undefined variable: row in C:\\Users\\saraPC\\Desktop\\xamp\\htdocs\\3wa\\testpdo\\affichage.php on line 27, referer: http://localhost/3wa/testpdo/formulaire.php
[Sun Feb 09 00:55:03.234432 2020] [php7:notice] [pid 1224:tid 1760] [client ::1:52074] PHP Notice:  Undefined variable: row in C:\\Users\\saraPC\\Desktop\\xamp\\htdocs\\3wa\\testpdo\\affichage.php on line 27, referer: http://localhost/3wa/testpdo/formulaire.php
[Sun Feb 09 00:55:03.235421 2020] [php7:notice] [pid 1224:tid 1760] [client ::1:52074] PHP Notice:  Undefined variable: row in C:\\Users\\saraPC\\Desktop\\xamp\\htdocs\\3wa\\testpdo\\affichage.php on line 27, referer: http://localhost/3wa/testpdo/formulaire.php
[Sun Feb 09 00:55:03.236422 2020] [php7:notice] [pid 1224:tid 1760] [client ::1:52074] PHP Notice:  Undefined variable: row in C:\\Users\\saraPC\\Desktop\\xamp\\htdocs\\3wa\\testpdo\\affichage.php on line 27, referer: http://localhost/3wa/testpdo/formulaire.php
[Sun Feb 09 00:55:03.237422 2020] [php7:notice] [pid 1224:tid 1760] [client ::1:52074] PHP Notice:  Undefined variable: row in C:\\Users\\saraPC\\Desktop\\xamp\\htdocs\\3wa\\testpdo\\affichage.php on line 27, referer: http://localhost/3wa/testpdo/formulaire.php
[Sun Feb 09 00:55:03.237422 2020] [php7:notice] [pid 1224:tid 1760] [client ::1:52074] PHP Notice:  Undefined variable: row in C:\\Users\\saraPC\\Desktop\\xamp\\htdocs\\3wa\\testpdo\\affichage.php on line 27, referer: http://localhost/3wa/testpdo/formulaire.php
[Sun Feb 09 00:55:03.238425 2020] [php7:notice] [pid 1224:tid 1760] [client ::1:52074] PHP Notice:  Undefined variable: row in C:\\Users\\saraPC\\Desktop\\xamp\\htdocs\\3wa\\testpdo\\affichage.php on line 27, referer: http://localhost/3wa/testpdo/formulaire.php
[Sun Feb 09 00:55:03.239428 2020] [php7:notice] [pid 1224:tid 1760] [client ::1:52074] PHP Notice:  Undefined variable: row in C:\\Users\\saraPC\\Desktop\\xamp\\htdocs\\3wa\\testpdo\\affichage.php on line 27, referer: http://localhost/3wa/testpdo/formulaire.php
[Sun Feb 09 00:55:03.240425 2020] [php7:notice] [pid 1224:tid 1760] [client ::1:52074] PHP Notice:  Undefined variable: row in C:\\Users\\saraPC\\Desktop\\xamp\\htdocs\\3wa\\testpdo\\affichage.php on line 27, referer: http://localhost/3wa/testpdo/formulaire.php
[Sun Feb 09 00:55:03.241426 2020] [php7:notice] [pid 1224:tid 1760] [client ::1:52074] PHP Notice:  Undefined variable: row in C:\\Users\\saraPC\\Desktop\\xamp\\htdocs\\3wa\\testpdo\\affichage.php on line 27, referer: http://localhost/3wa/testpdo/formulaire.php
[Sun Feb 09 00:55:03.242427 2020] [php7:notice] [pid 1224:tid 1760] [client ::1:52074] PHP Notice:  Undefined variable: row in C:\\Users\\saraPC\\Desktop\\xamp\\htdocs\\3wa\\testpdo\\affichage.php on line 27, referer: http://localhost/3wa/testpdo/formulaire.php
[Sun Feb 09 00:55:03.242427 2020] [php7:notice] [pid 1224:tid 1760] [client ::1:52074] PHP Notice:  Undefined variable: row in C:\\Users\\saraPC\\Desktop\\xamp\\htdocs\\3wa\\testpdo\\affichage.php on line 27, referer: http://localhost/3wa/testpdo/formulaire.php
[Sun Feb 09 00:55:03.243430 2020] [php7:notice] [pid 1224:tid 1760] [client ::1:52074] PHP Notice:  Undefined variable: row in C:\\Users\\saraPC\\Desktop\\xamp\\htdocs\\3wa\\testpdo\\affichage.php on line 27, referer: http://localhost/3wa/testpdo/formulaire.php
[Sun Feb 09 00:55:03.244437 2020] [php7:notice] [pid 1224:tid 1760] [client ::1:52074] PHP Notice:  Undefined variable: row in C:\\Users\\saraPC\\Desktop\\xamp\\htdocs\\3wa\\testpdo\\affichage.php on line 27, referer: http://localhost/3wa/testpdo/formulaire.php
[Sun Feb 09 00:55:03.245442 2020] [php7:notice] [pid 1224:tid 1760] [client ::1:52074] PHP Notice:  Undefined variable: row in C:\\Users\\saraPC\\Desktop\\xamp\\htdocs\\3wa\\testpdo\\affichage.php on line 27, referer: http://localhost/3wa/testpdo/formulaire.php
[Sun Feb 09 00:55:03.246431 2020] [php7:notice] [pid 1224:tid 1760] [client ::1:52074] PHP Notice:  Undefined variable: row in C:\\Users\\saraPC\\Desktop\\xamp\\htdocs\\3wa\\testpdo\\affichage.php on line 27, referer: http://localhost/3wa/testpdo/formulaire.php
[Sun Feb 09 00:55:03.247431 2020] [php7:notice] [pid 1224:tid 1760] [client ::1:52074] PHP Notice:  Undefined variable: row in C:\\Users\\saraPC\\Desktop\\xamp\\htdocs\\3wa\\testpdo\\affichage.php on line 27, referer: http://localhost/3wa/testpdo/formulaire.php
[Sun Feb 09 00:55:03.247431 2020] [php7:notice] [pid 1224:tid 1760] [client ::1:52074] PHP Notice:  Undefined variable: row in C:\\Users\\saraPC\\Desktop\\xamp\\htdocs\\3wa\\testpdo\\affichage.php on line 27, referer: http://localhost/3wa/testpdo/formulaire.php
[Sun Feb 09 00:55:03.248433 2020] [php7:notice] [pid 1224:tid 1760] [client ::1:52074] PHP Notice:  Undefined variable: row in C:\\Users\\saraPC\\Desktop\\xamp\\htdocs\\3wa\\testpdo\\affichage.php on line 27, referer: http://localhost/3wa/testpdo/formulaire.php
[Sun Feb 09 00:55:03.249439 2020] [php7:notice] [pid 1224:tid 1760] [client ::1:52074] PHP Notice:  Undefined variable: row in C:\\Users\\saraPC\\Desktop\\xamp\\htdocs\\3wa\\testpdo\\affichage.php on line 27, referer: http://localhost/3wa/testpdo/formulaire.php
[Sun Feb 09 00:55:03.250439 2020] [php7:notice] [pid 1224:tid 1760] [client ::1:52074] PHP Notice:  Undefined variable: row in C:\\Users\\saraPC\\Desktop\\xamp\\htdocs\\3wa\\testpdo\\affichage.php on line 27, referer: http://localhost/3wa/testpdo/formulaire.php
[Sun Feb 09 00:55:03.251447 2020] [php7:notice] [pid 1224:tid 1760] [client ::1:52074] PHP Notice:  Undefined variable: row in C:\\Users\\saraPC\\Desktop\\xamp\\htdocs\\3wa\\testpdo\\affichage.php on line 27, referer: http://localhost/3wa/testpdo/formulaire.php
[Sun Feb 09 00:55:03.252449 2020] [php7:notice] [pid 1224:tid 1760] [client ::1:52074] PHP Notice:  Undefined variable: row in C:\\Users\\saraPC\\Desktop\\xamp\\htdocs\\3wa\\testpdo\\affichage.php on line 27, referer: http://localhost/3wa/testpdo/formulaire.php
[Sun Feb 09 00:55:03.254439 2020] [php7:notice] [pid 1224:tid 1760] [client ::1:52074] PHP Notice:  Undefined variable: row in C:\\Users\\saraPC\\Desktop\\xamp\\htdocs\\3wa\\testpdo\\affichage.php on line 27, referer: http://localhost/3wa/testpdo/formulaire.php
[Sun Feb 09 00:55:03.255439 2020] [php7:notice] [pid 1224:tid 1760] [client ::1:52074] PHP Notice:  Undefined variable: row in C:\\Users\\saraPC\\Desktop\\xamp\\htdocs\\3wa\\testpdo\\affichage.php on line 27, referer: http://localhost/3wa/testpdo/formulaire.php
[Sun Feb 09 00:55:03.255439 2020] [php7:notice] [pid 1224:tid 1760] [client ::1:52074] PHP Notice:  Undefined variable: row in C:\\Users\\saraPC\\Desktop\\xamp\\htdocs\\3wa\\testpdo\\affichage.php on line 27, referer: http://localhost/3wa/testpdo/formulaire.php
[Sun Feb 09 00:55:03.258455 2020] [php7:notice] [pid 1224:tid 1760] [client ::1:52074] PHP Notice:  Undefined variable: row in C:\\Users\\saraPC\\Desktop\\xamp\\htdocs\\3wa\\testpdo\\affichage.php on line 27, referer: http://localhost/3wa/testpdo/formulaire.php
[Sun Feb 09 00:55:03.264459 2020] [php7:notice] [pid 1224:tid 1760] [client ::1:52074] PHP Notice:  Undefined variable: row in C:\\Users\\saraPC\\Desktop\\xamp\\htdocs\\3wa\\testpdo\\affichage.php on line 27, referer: http://localhost/3wa/testpdo/formulaire.php
[Sun Feb 09 00:55:03.266449 2020] [php7:notice] [pid 1224:tid 1760] [client ::1:52074] PHP Notice:  Undefined variable: row in C:\\Users\\saraPC\\Desktop\\xamp\\htdocs\\3wa\\testpdo\\affichage.php on line 27, referer: http://localhost/3wa/testpdo/formulaire.php
[Sun Feb 09 00:55:03.269456 2020] [php7:notice] [pid 1224:tid 1760] [client ::1:52074] PHP Notice:  Undefined variable: row in C:\\Users\\saraPC\\Desktop\\xamp\\htdocs\\3wa\\testpdo\\affichage.php on line 27, referer: http://localhost/3wa/testpdo/formulaire.php
[Sun Feb 09 00:55:03.270463 2020] [php7:notice] [pid 1224:tid 1760] [client ::1:52074] PHP Notice:  Undefined variable: row in C:\\Users\\saraPC\\Desktop\\xamp\\htdocs\\3wa\\testpdo\\affichage.php on line 27, referer: http://localhost/3wa/testpdo/formulaire.php
[Sun Feb 09 00:55:03.271466 2020] [php7:notice] [pid 1224:tid 1760] [client ::1:52074] PHP Notice:  Undefined variable: row in C:\\Users\\saraPC\\Desktop\\xamp\\htdocs\\3wa\\testpdo\\affichage.php on line 27, referer: http://localhost/3wa/testpdo/formulaire.php
[Sun Feb 09 00:55:03.272455 2020] [php7:notice] [pid 1224:tid 1760] [client ::1:52074] PHP Notice:  Undefined variable: row in C:\\Users\\saraPC\\Desktop\\xamp\\htdocs\\3wa\\testpdo\\affichage.php on line 27, referer: http://localhost/3wa/testpdo/formulaire.php
[Sun Feb 09 00:55:03.272455 2020] [php7:notice] [pid 1224:tid 1760] [client ::1:52074] PHP Notice:  Undefined variable: row in C:\\Users\\saraPC\\Desktop\\xamp\\htdocs\\3wa\\testpdo\\affichage.php on line 27, referer: http://localhost/3wa/testpdo/formulaire.php
[Sun Feb 09 00:55:03.273456 2020] [php7:notice] [pid 1224:tid 1760] [client ::1:52074] PHP Notice:  Undefined variable: row in C:\\Users\\saraPC\\Desktop\\xamp\\htdocs\\3wa\\testpdo\\affichage.php on line 27, referer: http://localhost/3wa/testpdo/formulaire.php
[Sun Feb 09 00:55:03.273456 2020] [php7:notice] [pid 1224:tid 1760] [client ::1:52074] PHP Notice:  Undefined variable: row in C:\\Users\\saraPC\\Desktop\\xamp\\htdocs\\3wa\\testpdo\\affichage.php on line 27, referer: http://localhost/3wa/testpdo/formulaire.php
[Sun Feb 09 00:55:03.274457 2020] [php7:notice] [pid 1224:tid 1760] [client ::1:52074] PHP Notice:  Undefined variable: row in C:\\Users\\saraPC\\Desktop\\xamp\\htdocs\\3wa\\testpdo\\affichage.php on line 27, referer: http://localhost/3wa/testpdo/formulaire.php
[Sun Feb 09 00:55:03.274457 2020] [php7:notice] [pid 1224:tid 1760] [client ::1:52074] PHP Notice:  Undefined variable: row in C:\\Users\\saraPC\\Desktop\\xamp\\htdocs\\3wa\\testpdo\\affichage.php on line 27, referer: http://localhost/3wa/testpdo/formulaire.php
[Sun Feb 09 00:55:03.275461 2020] [php7:notice] [pid 1224:tid 1760] [client ::1:52074] PHP Notice:  Undefined variable: row in C:\\Users\\saraPC\\Desktop\\xamp\\htdocs\\3wa\\testpdo\\affichage.php on line 27, referer: http://localhost/3wa/testpdo/formulaire.php
[Sun Feb 09 00:55:03.276467 2020] [php7:notice] [pid 1224:tid 1760] [client ::1:52074] PHP Notice:  Undefined variable: row in C:\\Users\\saraPC\\Desktop\\xamp\\htdocs\\3wa\\testpdo\\affichage.php on line 27, referer: http://localhost/3wa/testpdo/formulaire.php
[Sun Feb 09 00:55:03.277472 2020] [php7:notice] [pid 1224:tid 1760] [client ::1:52074] PHP Notice:  Undefined variable: row in C:\\Users\\saraPC\\Desktop\\xamp\\htdocs\\3wa\\testpdo\\affichage.php on line 27, referer: http://localhost/3wa/testpdo/formulaire.php
[Sun Feb 09 00:55:03.278461 2020] [php7:notice] [pid 1224:tid 1760] [client ::1:52074] PHP Notice:  Undefined variable: row in C:\\Users\\saraPC\\Desktop\\xamp\\htdocs\\3wa\\testpdo\\affichage.php on line 27, referer: http://localhost/3wa/testpdo/formulaire.php
[Sun Feb 09 00:55:03.280462 2020] [php7:notice] [pid 1224:tid 1760] [client ::1:52074] PHP Notice:  Undefined variable: row in C:\\Users\\saraPC\\Desktop\\xamp\\htdocs\\3wa\\testpdo\\affichage.php on line 27, referer: http://localhost/3wa/testpdo/formulaire.php
[Sun Feb 09 00:55:03.283476 2020] [php7:notice] [pid 1224:tid 1760] [client ::1:52074] PHP Notice:  Undefined variable: row in C:\\Users\\saraPC\\Desktop\\xamp\\htdocs\\3wa\\testpdo\\affichage.php on line 27, referer: http://localhost/3wa/testpdo/formulaire.php
[Sun Feb 09 00:55:03.285468 2020] [php7:notice] [pid 1224:tid 1760] [client ::1:52074] PHP Notice:  Undefined variable: row in C:\\Users\\saraPC\\Desktop\\xamp\\htdocs\\3wa\\testpdo\\affichage.php on line 27, referer: http://localhost/3wa/testpdo/formulaire.php
[Sun Feb 09 00:55:03.286468 2020] [php7:notice] [pid 1224:tid 1760] [client ::1:52074] PHP Notice:  Undefined variable: row in C:\\Users\\saraPC\\Desktop\\xamp\\htdocs\\3wa\\testpdo\\affichage.php on line 27, referer: http://localhost/3wa/testpdo/formulaire.php
[Sun Feb 09 00:55:03.289480 2020] [php7:notice] [pid 1224:tid 1760] [client ::1:52074] PHP Notice:  Undefined variable: row in C:\\Users\\saraPC\\Desktop\\xamp\\htdocs\\3wa\\testpdo\\affichage.php on line 27, referer: http://localhost/3wa/testpdo/formulaire.php
[Sun Feb 09 00:55:03.290484 2020] [php7:notice] [pid 1224:tid 1760] [client ::1:52074] PHP Notice:  Undefined variable: row in C:\\Users\\saraPC\\Desktop\\xamp\\htdocs\\3wa\\testpdo\\affichage.php on line 27, referer: http://localhost/3wa/testpdo/formulaire.php
[Sun Feb 09 00:55:03.291473 2020] [php7:notice] [pid 1224:tid 1760] [client ::1:52074] PHP Notice:  Undefined variable: row in C:\\Users\\saraPC\\Desktop\\xamp\\htdocs\\3wa\\testpdo\\affichage.php on line 27, referer: http://localhost/3wa/testpdo/formulaire.php
[Sun Feb 09 00:55:03.295484 2020] [php7:notice] [pid 1224:tid 1760] [client ::1:52074] PHP Notice:  Undefined variable: row in C:\\Users\\saraPC\\Desktop\\xamp\\htdocs\\3wa\\testpdo\\affichage.php on line 27, referer: http://localhost/3wa/testpdo/formulaire.php
[Sun Feb 09 00:55:03.298479 2020] [php7:notice] [pid 1224:tid 1760] [client ::1:52074] PHP Notice:  Undefined variable: row in C:\\Users\\saraPC\\Desktop\\xamp\\htdocs\\3wa\\testpdo\\affichage.php on line 27, referer: http://localhost/3wa/testpdo/formulaire.php
[Sun Feb 09 00:55:03.299480 2020] [php7:notice] [pid 1224:tid 1760] [client ::1:52074] PHP Notice:  Undefined variable: row in C:\\Users\\saraPC\\Desktop\\xamp\\htdocs\\3wa\\testpdo\\affichage.php on line 27, referer: http://localhost/3wa/testpdo/formulaire.php
[Sun Feb 09 00:55:03.300482 2020] [php7:notice] [pid 1224:tid 1760] [client ::1:52074] PHP Notice:  Undefined variable: row in C:\\Users\\saraPC\\Desktop\\xamp\\htdocs\\3wa\\testpdo\\affichage.php on line 27, referer: http://localhost/3wa/testpdo/formulaire.php
[Sun Feb 09 00:55:03.300482 2020] [php7:notice] [pid 1224:tid 1760] [client ::1:52074] PHP Notice:  Undefined variable: row in C:\\Users\\saraPC\\Desktop\\xamp\\htdocs\\3wa\\testpdo\\affichage.php on line 27, referer: http://localhost/3wa/testpdo/formulaire.php
[Sun Feb 09 00:55:03.302493 2020] [php7:notice] [pid 1224:tid 1760] [client ::1:52074] PHP Notice:  Undefined variable: row in C:\\Users\\saraPC\\Desktop\\xamp\\htdocs\\3wa\\testpdo\\affichage.php on line 27, referer: http://localhost/3wa/testpdo/formulaire.php
[Sun Feb 09 00:55:03.303497 2020] [php7:notice] [pid 1224:tid 1760] [client ::1:52074] PHP Notice:  Undefined variable: row in C:\\Users\\saraPC\\Desktop\\xamp\\htdocs\\3wa\\testpdo\\affichage.php on line 27, referer: http://localhost/3wa/testpdo/formulaire.php
[Sun Feb 09 00:55:03.305486 2020] [php7:notice] [pid 1224:tid 1760] [client ::1:52074] PHP Notice:  Undefined variable: row in C:\\Users\\saraPC\\Desktop\\xamp\\htdocs\\3wa\\testpdo\\affichage.php on line 27, referer: http://localhost/3wa/testpdo/formulaire.php
[Sun Feb 09 00:55:03.306487 2020] [php7:notice] [pid 1224:tid 1760] [client ::1:52074] PHP Notice:  Undefined variable: row in C:\\Users\\saraPC\\Desktop\\xamp\\htdocs\\3wa\\testpdo\\affichage.php on line 27, referer: http://localhost/3wa/testpdo/formulaire.php
[Sun Feb 09 00:55:03.307490 2020] [php7:notice] [pid 1224:tid 1760] [client ::1:52074] PHP Notice:  Undefined variable: row in C:\\Users\\saraPC\\Desktop\\xamp\\htdocs\\3wa\\testpdo\\affichage.php on line 27, referer: http://localhost/3wa/testpdo/formulaire.php
[Sun Feb 09 00:55:03.308496 2020] [php7:notice] [pid 1224:tid 1760] [client ::1:52074] PHP Notice:  Undefined variable: row in C:\\Users\\saraPC\\Desktop\\xamp\\htdocs\\3wa\\testpdo\\affichage.php on line 27, referer: http://localhost/3wa/testpdo/formulaire.php
[Sun Feb 09 00:55:03.309502 2020] [php7:notice] [pid 1224:tid 1760] [client ::1:52074] PHP Notice:  Undefined variable: row in C:\\Users\\saraPC\\Desktop\\xamp\\htdocs\\3wa\\testpdo\\affichage.php on line 27, referer: http://localhost/3wa/testpdo/formulaire.php
[Sun Feb 09 00:55:03.312493 2020] [php7:notice] [pid 1224:tid 1760] [client ::1:52074] PHP Notice:  Undefined variable: row in C:\\Users\\saraPC\\Desktop\\xamp\\htdocs\\3wa\\testpdo\\affichage.php on line 27, referer: http://localhost/3wa/testpdo/formulaire.php
[Sun Feb 09 00:55:03.313495 2020] [php7:notice] [pid 1224:tid 1760] [client ::1:52074] PHP Notice:  Undefined variable: row in C:\\Users\\saraPC\\Desktop\\xamp\\htdocs\\3wa\\testpdo\\affichage.php on line 27, referer: http://localhost/3wa/testpdo/formulaire.php
[Sun Feb 09 00:55:03.313495 2020] [php7:notice] [pid 1224:tid 1760] [client ::1:52074] PHP Notice:  Undefined variable: row in C:\\Users\\saraPC\\Desktop\\xamp\\htdocs\\3wa\\testpdo\\affichage.php on line 27, referer: http://localhost/3wa/testpdo/formulaire.php
[Sun Feb 09 00:55:03.314501 2020] [php7:notice] [pid 1224:tid 1760] [client ::1:52074] PHP Notice:  Undefined variable: row in C:\\Users\\saraPC\\Desktop\\xamp\\htdocs\\3wa\\testpdo\\affichage.php on line 27, referer: http://localhost/3wa/testpdo/formulaire.php
[Sun Feb 09 00:55:03.315507 2020] [php7:notice] [pid 1224:tid 1760] [client ::1:52074] PHP Notice:  Undefined variable: row in C:\\Users\\saraPC\\Desktop\\xamp\\htdocs\\3wa\\testpdo\\affichage.php on line 27, referer: http://localhost/3wa/testpdo/formulaire.php
[Sun Feb 09 00:55:03.322515 2020] [php7:notice] [pid 1224:tid 1760] [client ::1:52074] PHP Notice:  Undefined variable: row in C:\\Users\\saraPC\\Desktop\\xamp\\htdocs\\3wa\\testpdo\\affichage.php on line 27, referer: http://localhost/3wa/testpdo/formulaire.php
[Sun Feb 09 00:55:03.324505 2020] [php7:notice] [pid 1224:tid 1760] [client ::1:52074] PHP Notice:  Undefined variable: row in C:\\Users\\saraPC\\Desktop\\xamp\\htdocs\\3wa\\testpdo\\affichage.php on line 27, referer: http://localhost/3wa/testpdo/formulaire.php
[Sun Feb 09 00:55:03.325505 2020] [php7:notice] [pid 1224:tid 1760] [client ::1:52074] PHP Notice:  Undefined variable: row in C:\\Users\\saraPC\\Desktop\\xamp\\htdocs\\3wa\\testpdo\\affichage.php on line 27, referer: http://localhost/3wa/testpdo/formulaire.php
[Sun Feb 09 00:55:03.326509 2020] [php7:notice] [pid 1224:tid 1760] [client ::1:52074] PHP Notice:  Undefined variable: row in C:\\Users\\saraPC\\Desktop\\xamp\\htdocs\\3wa\\testpdo\\affichage.php on line 27, referer: http://localhost/3wa/testpdo/formulaire.php
[Sun Feb 09 00:55:03.327515 2020] [php7:notice] [pid 1224:tid 1760] [client ::1:52074] PHP Notice:  Undefined variable: row in C:\\Users\\saraPC\\Desktop\\xamp\\htdocs\\3wa\\testpdo\\affichage.php on line 27, referer: http://localhost/3wa/testpdo/formulaire.php
[Sun Feb 09 00:55:03.329509 2020] [php7:notice] [pid 1224:tid 1760] [client ::1:52074] PHP Notice:  Undefined variable: row in C:\\Users\\saraPC\\Desktop\\xamp\\htdocs\\3wa\\testpdo\\affichage.php on line 27, referer: http://localhost/3wa/testpdo/formulaire.php
[Sun Feb 09 00:55:03.329509 2020] [php7:notice] [pid 1224:tid 1760] [client ::1:52074] PHP Notice:  Undefined variable: row in C:\\Users\\saraPC\\Desktop\\xamp\\htdocs\\3wa\\testpdo\\affichage.php on line 27, referer: http://localhost/3wa/testpdo/formulaire.php
[Sun Feb 09 00:55:03.330510 2020] [php7:notice] [pid 1224:tid 1760] [client ::1:52074] PHP Notice:  Undefined variable: row in C:\\Users\\saraPC\\Desktop\\xamp\\htdocs\\3wa\\testpdo\\affichage.php on line 27, referer: http://localhost/3wa/testpdo/formulaire.php
[Sun Feb 09 00:55:03.331511 2020] [php7:notice] [pid 1224:tid 1760] [client ::1:52074] PHP Notice:  Undefined variable: row in C:\\Users\\saraPC\\Desktop\\xamp\\htdocs\\3wa\\testpdo\\affichage.php on line 27, referer: http://localhost/3wa/testpdo/formulaire.php
[Sun Feb 09 00:55:03.332512 2020] [php7:notice] [pid 1224:tid 1760] [client ::1:52074] PHP Notice:  Undefined variable: row in C:\\Users\\saraPC\\Desktop\\xamp\\htdocs\\3wa\\testpdo\\affichage.php on line 27, referer: http://localhost/3wa/testpdo/formulaire.php
[Sun Feb 09 00:55:03.333519 2020] [php7:notice] [pid 1224:tid 1760] [client ::1:52074] PHP Notice:  Undefined variable: row in C:\\Users\\saraPC\\Desktop\\xamp\\htdocs\\3wa\\testpdo\\affichage.php on line 27, referer: http://localhost/3wa/testpdo/formulaire.php
[Sun Feb 09 00:55:03.334524 2020] [php7:notice] [pid 1224:tid 1760] [client ::1:52074] PHP Notice:  Undefined variable: row in C:\\Users\\saraPC\\Desktop\\xamp\\htdocs\\3wa\\testpdo\\affichage.php on line 27, referer: http://localhost/3wa/testpdo/formulaire.php
[Sun Feb 09 00:55:03.336516 2020] [php7:notice] [pid 1224:tid 1760] [client ::1:52074] PHP Notice:  Undefined variable: row in C:\\Users\\saraPC\\Desktop\\xamp\\htdocs\\3wa\\testpdo\\affichage.php on line 27, referer: http://localhost/3wa/testpdo/formulaire.php
[Sun Feb 09 00:55:03.337516 2020] [php7:notice] [pid 1224:tid 1760] [client ::1:52074] PHP Notice:  Undefined variable: row in C:\\Users\\saraPC\\Desktop\\xamp\\htdocs\\3wa\\testpdo\\affichage.php on line 27, referer: http://localhost/3wa/testpdo/formulaire.php
[Sun Feb 09 00:55:03.338517 2020] [php7:notice] [pid 1224:tid 1760] [client ::1:52074] PHP Notice:  Undefined variable: row in C:\\Users\\saraPC\\Desktop\\xamp\\htdocs\\3wa\\testpdo\\affichage.php on line 27, referer: http://localhost/3wa/testpdo/formulaire.php
[Sun Feb 09 00:55:03.338517 2020] [php7:notice] [pid 1224:tid 1760] [client ::1:52074] PHP Notice:  Undefined variable: row in C:\\Users\\saraPC\\Desktop\\xamp\\htdocs\\3wa\\testpdo\\affichage.php on line 27, referer: http://localhost/3wa/testpdo/formulaire.php
[Sun Feb 09 00:55:03.339525 2020] [php7:notice] [pid 1224:tid 1760] [client ::1:52074] PHP Notice:  Undefined variable: row in C:\\Users\\saraPC\\Desktop\\xamp\\htdocs\\3wa\\testpdo\\affichage.php on line 27, referer: http://localhost/3wa/testpdo/formulaire.php
[Sun Feb 09 00:55:03.340531 2020] [php7:notice] [pid 1224:tid 1760] [client ::1:52074] PHP Notice:  Undefined variable: row in C:\\Users\\saraPC\\Desktop\\xamp\\htdocs\\3wa\\testpdo\\affichage.php on line 27, referer: http://localhost/3wa/testpdo/formulaire.php
[Sun Feb 09 00:55:03.341535 2020] [php7:notice] [pid 1224:tid 1760] [client ::1:52074] PHP Notice:  Undefined variable: row in C:\\Users\\saraPC\\Desktop\\xamp\\htdocs\\3wa\\testpdo\\affichage.php on line 27, referer: http://localhost/3wa/testpdo/formulaire.php
[Sun Feb 09 00:55:03.342538 2020] [php7:notice] [pid 1224:tid 1760] [client ::1:52074] PHP Notice:  Undefined variable: row in C:\\Users\\saraPC\\Desktop\\xamp\\htdocs\\3wa\\testpdo\\affichage.php on line 27, referer: http://localhost/3wa/testpdo/formulaire.php
[Sun Feb 09 00:55:03.343521 2020] [php7:notice] [pid 1224:tid 1760] [client ::1:52074] PHP Notice:  Undefined variable: row in C:\\Users\\saraPC\\Desktop\\xamp\\htdocs\\3wa\\testpdo\\affichage.php on line 27, referer: http://localhost/3wa/testpdo/formulaire.php
[Sun Feb 09 00:55:03.343521 2020] [php7:notice] [pid 1224:tid 1760] [client ::1:52074] PHP Notice:  Undefined variable: row in C:\\Users\\saraPC\\Desktop\\xamp\\htdocs\\3wa\\testpdo\\affichage.php on line 27, referer: http://localhost/3wa/testpdo/formulaire.php
[Sun Feb 09 00:55:03.344524 2020] [php7:notice] [pid 1224:tid 1760] [client ::1:52074] PHP Notice:  Undefined variable: row in C:\\Users\\saraPC\\Desktop\\xamp\\htdocs\\3wa\\testpdo\\affichage.php on line 27, referer: http://localhost/3wa/testpdo/formulaire.php
[Sun Feb 09 00:55:03.345526 2020] [php7:notice] [pid 1224:tid 1760] [client ::1:52074] PHP Notice:  Undefined variable: row in C:\\Users\\saraPC\\Desktop\\xamp\\htdocs\\3wa\\testpdo\\affichage.php on line 27, referer: http://localhost/3wa/testpdo/formulaire.php
[Sun Feb 09 00:55:03.346536 2020] [php7:notice] [pid 1224:tid 1760] [client ::1:52074] PHP Notice:  Undefined variable: row in C:\\Users\\saraPC\\Desktop\\xamp\\htdocs\\3wa\\testpdo\\affichage.php on line 27, referer: http://localhost/3wa/testpdo/formulaire.php
[Sun Feb 09 00:55:03.347537 2020] [php7:notice] [pid 1224:tid 1760] [client ::1:52074] PHP Notice:  Undefined variable: row in C:\\Users\\saraPC\\Desktop\\xamp\\htdocs\\3wa\\testpdo\\affichage.php on line 27, referer: http://localhost/3wa/testpdo/formulaire.php
[Sun Feb 09 00:55:03.351530 2020] [php7:notice] [pid 1224:tid 1760] [client ::1:52074] PHP Notice:  Undefined variable: row in C:\\Users\\saraPC\\Desktop\\xamp\\htdocs\\3wa\\testpdo\\affichage.php on line 27, referer: http://localhost/3wa/testpdo/formulaire.php
[Sun Feb 09 00:55:03.352536 2020] [php7:notice] [pid 1224:tid 1760] [client ::1:52074] PHP Notice:  Undefined variable: row in C:\\Users\\saraPC\\Desktop\\xamp\\htdocs\\3wa\\testpdo\\affichage.php on line 27, referer: http://localhost/3wa/testpdo/formulaire.php
[Sun Feb 09 00:55:03.353542 2020] [php7:notice] [pid 1224:tid 1760] [client ::1:52074] PHP Notice:  Undefined variable: row in C:\\Users\\saraPC\\Desktop\\xamp\\htdocs\\3wa\\testpdo\\affichage.php on line 27, referer: http://localhost/3wa/testpdo/formulaire.php
[Sun Feb 09 00:55:03.355533 2020] [php7:notice] [pid 1224:tid 1760] [client ::1:52074] PHP Notice:  Undefined variable: row in C:\\Users\\saraPC\\Desktop\\xamp\\htdocs\\3wa\\testpdo\\affichage.php on line 27, referer: http://localhost/3wa/testpdo/formulaire.php
[Sun Feb 09 00:55:03.357535 2020] [php7:notice] [pid 1224:tid 1760] [client ::1:52074] PHP Notice:  Undefined variable: row in C:\\Users\\saraPC\\Desktop\\xamp\\htdocs\\3wa\\testpdo\\affichage.php on line 27, referer: http://localhost/3wa/testpdo/formulaire.php
[Sun Feb 09 00:55:03.368546 2020] [php7:notice] [pid 1224:tid 1760] [client ::1:52074] PHP Notice:  Undefined variable: row in C:\\Users\\saraPC\\Desktop\\xamp\\htdocs\\3wa\\testpdo\\affichage.php on line 27, referer: http://localhost/3wa/testpdo/formulaire.php
[Sun Feb 09 00:55:03.369547 2020] [php7:notice] [pid 1224:tid 1760] [client ::1:52074] PHP Notice:  Undefined variable: row in C:\\Users\\saraPC\\Desktop\\xamp\\htdocs\\3wa\\testpdo\\affichage.php on line 27, referer: http://localhost/3wa/testpdo/formulaire.php
[Sun Feb 09 00:55:03.370548 2020] [php7:notice] [pid 1224:tid 1760] [client ::1:52074] PHP Notice:  Undefined variable: row in C:\\Users\\saraPC\\Desktop\\xamp\\htdocs\\3wa\\testpdo\\affichage.php on line 27, referer: http://localhost/3wa/testpdo/formulaire.php
[Sun Feb 09 00:55:03.371552 2020] [php7:notice] [pid 1224:tid 1760] [client ::1:52074] PHP Notice:  Undefined variable: row in C:\\Users\\saraPC\\Desktop\\xamp\\htdocs\\3wa\\testpdo\\affichage.php on line 27, referer: http://localhost/3wa/testpdo/formulaire.php
[Sun Feb 09 00:55:03.372559 2020] [php7:notice] [pid 1224:tid 1760] [client ::1:52074] PHP Notice:  Undefined variable: row in C:\\Users\\saraPC\\Desktop\\xamp\\htdocs\\3wa\\testpdo\\affichage.php on line 27, referer: http://localhost/3wa/testpdo/formulaire.php
[Sun Feb 09 00:55:03.373563 2020] [php7:notice] [pid 1224:tid 1760] [client ::1:52074] PHP Notice:  Undefined variable: row in C:\\Users\\saraPC\\Desktop\\xamp\\htdocs\\3wa\\testpdo\\affichage.php on line 27, referer: http://localhost/3wa/testpdo/formulaire.php
[Sun Feb 09 00:55:03.374551 2020] [php7:notice] [pid 1224:tid 1760] [client ::1:52074] PHP Notice:  Undefined variable: row in C:\\Users\\saraPC\\Desktop\\xamp\\htdocs\\3wa\\testpdo\\affichage.php on line 27, referer: http://localhost/3wa/testpdo/formulaire.php
[Sun Feb 09 00:55:03.375552 2020] [php7:notice] [pid 1224:tid 1760] [client ::1:52074] PHP Notice:  Undefined variable: row in C:\\Users\\saraPC\\Desktop\\xamp\\htdocs\\3wa\\testpdo\\affichage.php on line 27, referer: http://localhost/3wa/testpdo/formulaire.php
[Sun Feb 09 00:55:03.375552 2020] [php7:notice] [pid 1224:tid 1760] [client ::1:52074] PHP Notice:  Undefined variable: row in C:\\Users\\saraPC\\Desktop\\xamp\\htdocs\\3wa\\testpdo\\affichage.php on line 27, referer: http://localhost/3wa/testpdo/formulaire.php
[Sun Feb 09 00:55:03.376554 2020] [php7:notice] [pid 1224:tid 1760] [client ::1:52074] PHP Notice:  Undefined variable: row in C:\\Users\\saraPC\\Desktop\\xamp\\htdocs\\3wa\\testpdo\\affichage.php on line 27, referer: http://localhost/3wa/testpdo/formulaire.php
[Sun Feb 09 00:55:03.378562 2020] [php7:notice] [pid 1224:tid 1760] [client ::1:52074] PHP Notice:  Undefined variable: row in C:\\Users\\saraPC\\Desktop\\xamp\\htdocs\\3wa\\testpdo\\affichage.php on line 27, referer: http://localhost/3wa/testpdo/formulaire.php
[Sun Feb 09 00:55:03.378562 2020] [php7:notice] [pid 1224:tid 1760] [client ::1:52074] PHP Notice:  Undefined variable: row in C:\\Users\\saraPC\\Desktop\\xamp\\htdocs\\3wa\\testpdo\\affichage.php on line 27, referer: http://localhost/3wa/testpdo/formulaire.php
[Sun Feb 09 00:55:03.379568 2020] [php7:notice] [pid 1224:tid 1760] [client ::1:52074] PHP Notice:  Undefined variable: row in C:\\Users\\saraPC\\Desktop\\xamp\\htdocs\\3wa\\testpdo\\affichage.php on line 27, referer: http://localhost/3wa/testpdo/formulaire.php
[Sun Feb 09 00:55:03.400575 2020] [php7:notice] [pid 1224:tid 1760] [client ::1:52074] PHP Notice:  Undefined variable: row in C:\\Users\\saraPC\\Desktop\\xamp\\htdocs\\3wa\\testpdo\\affichage.php on line 27, referer: http://localhost/3wa/testpdo/formulaire.php
[Sun Feb 09 00:55:03.407582 2020] [php7:notice] [pid 1224:tid 1760] [client ::1:52074] PHP Notice:  Undefined variable: row in C:\\Users\\saraPC\\Desktop\\xamp\\htdocs\\3wa\\testpdo\\affichage.php on line 27, referer: http://localhost/3wa/testpdo/formulaire.php
[Sun Feb 09 00:55:03.412587 2020] [php7:notice] [pid 1224:tid 1760] [client ::1:52074] PHP Notice:  Undefined variable: row in C:\\Users\\saraPC\\Desktop\\xamp\\htdocs\\3wa\\testpdo\\affichage.php on line 27, referer: http://localhost/3wa/testpdo/formulaire.php
[Sun Feb 09 00:55:03.414589 2020] [php7:notice] [pid 1224:tid 1760] [client ::1:52074] PHP Notice:  Undefined variable: row in C:\\Users\\saraPC\\Desktop\\xamp\\htdocs\\3wa\\testpdo\\affichage.php on line 27, referer: http://localhost/3wa/testpdo/formulaire.php
[Sun Feb 09 00:55:03.415590 2020] [php7:notice] [pid 1224:tid 1760] [client ::1:52074] PHP Notice:  Undefined variable: row in C:\\Users\\saraPC\\Desktop\\xamp\\htdocs\\3wa\\testpdo\\affichage.php on line 27, referer: http://localhost/3wa/testpdo/formulaire.php
[Sun Feb 09 00:55:03.417603 2020] [php7:notice] [pid 1224:tid 1760] [client ::1:52074] PHP Notice:  Undefined variable: row in C:\\Users\\saraPC\\Desktop\\xamp\\htdocs\\3wa\\testpdo\\affichage.php on line 27, referer: http://localhost/3wa/testpdo/formulaire.php
[Sun Feb 09 00:55:03.422601 2020] [php7:notice] [pid 1224:tid 1760] [client ::1:52074] PHP Notice:  Undefined variable: row in C:\\Users\\saraPC\\Desktop\\xamp\\htdocs\\3wa\\testpdo\\affichage.php on line 27, referer: http://localhost/3wa/testpdo/formulaire.php
[Sun Feb 09 00:55:03.423606 2020] [php7:notice] [pid 1224:tid 1760] [client ::1:52074] PHP Notice:  Undefined variable: row in C:\\Users\\saraPC\\Desktop\\xamp\\htdocs\\3wa\\testpdo\\affichage.php on line 27, referer: http://localhost/3wa/testpdo/formulaire.php
[Sun Feb 09 00:55:03.424610 2020] [php7:notice] [pid 1224:tid 1760] [client ::1:52074] PHP Notice:  Undefined variable: row in C:\\Users\\saraPC\\Desktop\\xamp\\htdocs\\3wa\\testpdo\\affichage.php on line 27, referer: http://localhost/3wa/testpdo/formulaire.php
[Sun Feb 09 00:55:03.431604 2020] [php7:notice] [pid 1224:tid 1760] [client ::1:52074] PHP Notice:  Undefined variable: row in C:\\Users\\saraPC\\Desktop\\xamp\\htdocs\\3wa\\testpdo\\affichage.php on line 27, referer: http://localhost/3wa/testpdo/formulaire.php
[Sun Feb 09 00:55:03.434608 2020] [php7:notice] [pid 1224:tid 1760] [client ::1:52074] PHP Notice:  Undefined variable: row in C:\\Users\\saraPC\\Desktop\\xamp\\htdocs\\3wa\\testpdo\\affichage.php on line 27, referer: http://localhost/3wa/testpdo/formulaire.php
[Sun Feb 09 00:55:03.436619 2020] [php7:notice] [pid 1224:tid 1760] [client ::1:52074] PHP Notice:  Undefined variable: row in C:\\Users\\saraPC\\Desktop\\xamp\\htdocs\\3wa\\testpdo\\affichage.php on line 27, referer: http://localhost/3wa/testpdo/formulaire.php
[Sun Feb 09 08:46:47.584691 2020] [ssl:warn] [pid 7876:tid 436] AH01909: www.example.com:443:0 server certificate does NOT include an ID which matches the server name
[Sun Feb 09 08:46:47.904005 2020] [core:warn] [pid 7876:tid 436] AH00098: pid file C:/Users/saraPC/Desktop/xamp/apache/logs/httpd.pid overwritten -- Unclean shutdown of previous Apache run?
[Sun Feb 09 08:46:47.919005 2020] [ssl:warn] [pid 7876:tid 436] AH01909: www.example.com:443:0 server certificate does NOT include an ID which matches the server name
[Sun Feb 09 08:46:50.110059 2020] [mpm_winnt:notice] [pid 7876:tid 436] AH00455: Apache/2.4.41 (Win64) OpenSSL/1.1.1c PHP/7.2.26 configured -- resuming normal operations
[Sun Feb 09 08:46:50.110059 2020] [mpm_winnt:notice] [pid 7876:tid 436] AH00456: Apache Lounge VC15 Server built: Aug 11 2019 12:20:04
[Sun Feb 09 08:46:50.110059 2020] [core:notice] [pid 7876:tid 436] AH00094: Command line: 'c:\\users\\sarapc\\desktop\\xamp\\apache\\bin\\httpd.exe -d C:/Users/saraPC/Desktop/xamp/apache'
[Sun Feb 09 08:46:50.156156 2020] [mpm_winnt:notice] [pid 7876:tid 436] AH00418: Parent: Created child process 7864
[Sun Feb 09 08:46:51.865706 2020] [ssl:warn] [pid 7864:tid 612] AH01909: www.example.com:443:0 server certificate does NOT include an ID which matches the server name
[Sun Feb 09 08:46:52.021922 2020] [ssl:warn] [pid 7864:tid 612] AH01909: www.example.com:443:0 server certificate does NOT include an ID which matches the server name
[Sun Feb 09 08:46:52.211037 2020] [mpm_winnt:notice] [pid 7864:tid 612] AH00354: Child: Starting 150 worker threads.
